316
316
316
316
316
317
317
317
317
317
317
317
318
318
318
318
318
318
319
319
319
319
319
319
320
320
320
320
320
320
320
321
321
321
321
321
321
322
322
322
322
322
322
322
323
323
323
323
323
323
324
324
324
324
324
324
324
325
325
325
325
325
325
326
326
326
326
326
326
326
327
327
327
327
327
327
328
328
328
328
328
328
328
329
329
329
329
329
329
330
330
330
330
330
330
330
331
331
331
331
331
331
331
332
332
332
332
332
332
333
333
333
333
333
333
333
334
334
334
334
334
334
334
335
335
335
335
335
335
336
336
336
336
336
336
336
337
337
337
337
337
337
337
338
338
338
338
338
338
338
339
339
339
339
339
339
340
340
340
340
340
340
340
341
341
341
341
341
341
341
342
342
342
342
342
342
342
343
343
343
343
343
343
343
344
344
344
344
344
344
344
345
345
345
345
345
345
345
346
346
346
346
346
346
346
347
347
347
347
347
347
347
348
348
348
348
348
348
348
349
349
349
349
349
349
350
350
350
350
350
350
350
350
351
351
351
351
351
351
351
352
352
352
352
352
352
352
353
353
353
353
353
353
353
354
354
354
354
354
354
354
355
355
355
355
355
355
355
356
356
356
356
356
356
356
357
357
357
357
357
357
357
358
358
358
358
358
358
358
359
359
359
359
359
359
359
360
360
360
360
360
360
360
360
361
361
361
361
361
361
361
362
362
362
362
362
362
362
363
363
363
363
363
363
363
364
364
364
364
364
364
364
364
365
365
365
365
365
365
365
366
366
366
366
366
366
366
367
367
367
367
367
367
367
367
368
368
368
368
368
368
368
369
369
369
369
369
369
369
370
370
370
370
370
370
370
370
371
371
371
371
371
371
371
372
372
372
372
372
372
372
372
373
373
373
373
373
373
373
374
374
374
374
374
374
374
374
375
375
375
375
375
375
375
376
376
376
376
376
376
376
376
377
377
377
377
377
377
377
378
378
378
378
378
378
378
378
379
379
379
379
379
379
379
380
380
380
380
380
380
380
380
381
381
381
381
381
381
381
381
382
382
382
382
382
382
382
383
383
383
383
383
383
383
383
384
384
384
384
384
384
384
384
385
385
385
385
385
385
385
386
386
386
386
386
386
386
386
387
387
71
73
73
74
71
75
74
73
77
73
75
71
72
76
77
74
77
77
76
73
73
74
76
71
72
73
73
75
75
76
73
75
75
74
76
76
75
72
70
76
75
76
72
73
75
75
71
75
72
76
74
75
75
75
70
76
75
75
74
76
72
70
72
76
72
71
70
77
72
75
73
76
76
75
73
73
70
71
73
74
75
74
71
77
75
76
77
73
77
72
77
73
75
72
74
74
71
71
77
74
452
480
452
479
471
458
462
449
481
471
452
478
476
468
454
453
476
464
452
465
473
461
457
467
471
474
472
464
451
460
476
448
465
470
462
451
480
479
466
459
464
460
477
458
463
457
481
457
473
467
454
474
476
461
465
478
448
482
467
449
466
454
477
469
470
454
477
451
451
473
458
480
457
459
452
473
476
472
468
473
456
452
447
449
475
477
454
451
467
447
451
463
473
471
466
449
462
454
472
457
710
712
713
712
707
710
711
708
709
707
711
707
711
708
710
709
709
707
709
710
707
708
713
713
712
710
709
711
707
714
710
710
713
707
712
712
707
709
713
708
711
710
712
713
712
711
714
709
713
708
711
708
710
707
707
708
711
710
713
713
714
707
709
708
708
708
707
713
707
711
709
713
712
710
710
707
708
708
707
711
712
710
709
713
710
711
710
707
710
707
712
708
713
709
714
707
710
708
711
712
899
895
895
899
895
894
896
898
898
899
894
898
895
896
897
895
897
897
898
895
895
898
899
896
894
896
896
894
899
897
896
897
895
897
898
895
895
894
897
895
896
896
895
894
894
894
895
894
896
898
899
899
896
898
894
896
896
894
898
895
897
894
895
894
895
895
897
898
898
894
897
899
897
894
896
899
896
898
895
896
899
899
898
898
894
896
898
896
899
897
899
897
896
894
895
898
898
899
898
898
1000
1000
1000
1000
1000
1000
1000
1000
1000
1000
1000
1000
1000
1000
1000
1000
1000
1000
1000
1000
1000
1000
1000
1000
1000
1000
1000
1000
1000
1000
1000
1000
1000
1000
1000
1000
1000
1000
1000
1000
1000
1000
1000
1000
1000
1000
1000
1000
1000
1000
1000
1000
1000
1000
1000
1000
1000
1000
1000
1000
1000
1000
1000
1000
1000
1000
1000
1000
1000
1000
1000
1000
1000
1000
1000
1000
1000
1000
1000
1000
1000
1000
1000
1000
1000
1000
1000
1000
1000
1000
1000
1000
1000
1000
1000
1000
1000
1000
1000
1000
