27166
44181
8002
61543
53660
47547
47050
57133
57264
52559
57778
55449
48194
44296
41649
55146
29626
48629
65029
34252
60317
57159
40837
21600
63639
48217
15524
34788
43879
58349
57673
58564
61308
53071
18702
55571
59213
64697
54619
40013
56532
30173
51841
62511
63266
42662
64998
10964
53676
51831
51057
36196
48640
34944
42281
62028
20497
36716
57178
25235
8039
46620
52370
60957
38449
58281
58312
60814
19347
52351
55700
30685
62714
54875
26001
33120
23202
63012
52647
61930
54514
50695
50701
51455
34886
51613
26170
58422
22715
55899
62830
35251
37032
64982
43779
43003
50239
63385
32890
52891
10949
59957
53998
9201
30226
21346
7660
32994
34269
63964
21888
41156
41435
28742
11222
45195
19861
56640
50696
32273
52255
65502
60320
33063
39206
64264
46724
53623
27179
39431
20690
36923
16760
14562
60295
51993
42958
33681
61253
61475
39266
64632
9074
46797
29057
55901
43634
64012
17427
65331
19261
13133
63576
12178
41323
32881
53534
59668
47885
56276
60708
63512
24503
26682
28694
30993
49390
36223
50131
15383
64906
44672
65446
51243
54257
57078
61389
47730
48954
25087
59086
8954
58776
48651
62714
44147
21924
39536
64056
58371
48808
53632
37923
27450
31659
44052
36369
14235
42575
44589
46722
61207
14682
61185
9855
63273
36779
64507
20757
31914
44861
36884
57539
65322
57928
52364
41851
23820
4060
36901
57447
61669
48171
52607
48648
41845
63584
42782
55934
53743
30363
42364
25190
60856
14941
45372
39378
58260
25282
53253
54993
45963
60624
44861
11104
46133
64933
60083
50414
57260
44982
35798
54568
35496
29698
21446
24891
52183
42551
15545
38459
41452
35100
51608
21104
43226
40196
44550
54319
57558
15290
48075
40090
48135
54719
60188
64990
51059
64177
34957
58584
63597
59933
37416
50551
47643
46696
33457
44838
45931
18562
63006
63828
59296
52393
61244
61550
48281
61310
61220
39646
30090
15663
50827
25849
30216
64985
60185
43306
55640
49719
60016
37164
33607
8449
53586
40861
63008
38102
42308
55471
61364
45248
58623
30698
62245
39979
13674
39945
31341
35005
10248
27975
58479
36669
39578
36712
59111
63433
61465
50637
48768
35248
3020
54326
63740
59435
59223
60350
64440
62216
55296
52666
55424
64961
40984
60980
49199
63668
56998
13671
63729
47600
53892
38840
32833
10069
54512
13669
40955
31849
52730
45964
61010
46627
12101
62464
45052
40659
46519
63777
64108
35222
54272
41197
39839
54609
57368
43053
26763
56480
50003
40106
24802
40764
47067
36944
50790
58290
56559
47465
62464
56476
37422
35297
41004
46330
59353
29606
56692
30189
34654
32039
46570
56488
30986
62291
29041
20791
64137
33452
46060
45326
29965
65238
51850
17441
43755
60026
47283
62720
48348
59559
59134
31547
29701
12063
44713
41267
64808
54538
34772
40134
23828
57473
39186
21880
39381
42707
56615
3290
31900
22844
53690
61723
21286
12612
27755
25091
26981
60494
33825
24079
52606
25973
46179
51949
31935
34802
61219
55920
54821
48983
61572
37121
53353
9844
15479
65379
44140
52463
21570
28427
49343
65319
48628
33086
26996
33752
64444
39171
49827
51959
54282
36019
42486
64458
24572
32489
7805
26388
41000
14587
59893
28771
40562
59233
36491
41892
63074
19184
29861
61213
62151
39393
56005
46829
14591
33223
61065
38719
28994
59236
43362
55302
59118
46742
44904
41061
45251
47650
53686
37873
48633
23126
55242
58715
61229
47368
23263
57822
62290
28935
18051
61701
41319
59485
52163
49414
63786
51306
39459
62821
48689
19094
61434
24708
48437
25143
51843
48579
62997
58609
30470
39443
19833
27503
28349
65474
64178
54415
50853
45376
54214
45231
47083
58693
37109
42064
35059
50307
52334
15835
23074
59351
62376
51527
28106
44605
62214
42210
19342
27653
51940
46847
58078
65534
52306
55018
44350
60345
48257
46002
14111
43652
55439
38050
51298
50537
56715
28295
64095
63786
38217
24011
48020
20158
58121
21097
40365
8922
39166
57110
25913
23733
61966
46232
37244
61542
17076
39985
18825
62502
51354
45811
6981
59071
46888
48248
49105
54682
54527
40218
3299
15453
33825
35328
65209
28091
23208
26912
23146
11192
57733
57363
20244
30170
46934
56279
28455
23423
21417
44069
57125
56079
49611
54933
34227
50553
58864
6063
47175
28898
58690
18383
61455
51256
32490
58923
64093
60600
57526
64566
41710
64160
41824
65084
50461
60740
45584
21997
28498
39135
51108
38594
38196
37727
49072
60276
60737
60891
12362
58390
36498
23559
55895
29850
59395
46519
36243
12560
49099
38833
33987
26676
47392
53294
45135
29789
38456
27736
52012
53912
48041
51184
15488
53660
49599
24240
36871
26299
52054
64913
52853
57582
46852
40746
51455
29469
54888
61398
55271
43824
24380
33495
42476
56984
61886
59307
60165
53285
32563
59621
51131
63010
31811
54291
57422
41392
20526
62621
15154
41248
62646
39814
57379
46539
40347
54451
33496
65089
49254
60871
64188
4007
34344
51418
20443
36855
23577
26099
34125
54159
55067
31872
59268
49305
40694
40659
36306
50169
26986
25569
60490
41877
53967
36162
52509
58597
26047
28689
40823
54100
38181
44396
31581
38776
60168
54915
60064
20588
63992
64158
56483
35845
48882
54442
54608
36229
62988
26258
50795
25012
51615
43489
17811
62028
57614
33160
45771
44743
32278
25889
50408
49661
30849
18986
58876
36628
47402
21381
55397
47146
40178
38067
40444
33777
20243
56694
62479
22974
34847
54345
33802
29379
49281
35608
35676
57102
55159
33041
21882
56996
55068
32640
42187
60009
31967
34675
62934
30680
36610
45102
63718
46885
54828
59742
43689
13766
56028
47172
64041
49008
45329
59888
52506
46319
38405
64801
33707
50391
45916
58487
61894
1887
54495
62638
17323
46809
45532
18640
50792
48035
47281
46033
59159
35143
59232
56796
62421
30772
56407
34147
52080
46678
22952
48642
11197
41195
28941
57708
39553
58471
5517
58165
50181
63377
26719
39306
36539
30527
47756
48157
63248
37308
57115
51082
37861
63490
36126
59766
22516
60924
52733
62603
62916
4673
60848
25999
52328
62031
27898
33356
22137
59946
44457
8291
44890
30587
48164
52140
63602
26319
47617
62755
36276
65431
42214
63548
27803
43769
59437
53228
13675
37628
54995
58280
57291
47862
56460
48871
56326
34605
60030
7067
27577
21940
39101
53373
36115
52400
52682
35532
45231
60678
44116
10570
22305
62764
44721361
