a
ab
abc
ac
ABZCMUVGAMXYYBCIEQZBLDIRENHNSZQAFVKK
ACKIHPSESEDLZQFUWTXBZCAWYRGLNSRLIRZHIHUXFEGKWOIOXNYEWDXYCNJQIHQZMSDHQXMOYZWUVPAJISNAUNO
ADSFGOJTHUHIAJXWHWDPPSQWTUAQZAZMTQBTNSMZMPNWPBBCHKUAXXDINVLMOSUGUVPKHEJOKECA
ADVXHCWFARQOLXWTEUWPXHSVNDENQXCQZCEKQTFUINYPGHNOLXATGAVSKAKEXJODOZPJSLC
AEJMHSIHKRRGTKNSTYVMQQPQVGOHODYNXZDVCHSFFDYRBCWIFDYIKSFKOSRAEBSHTDJTHSPLFPHMRYOSKGBL
AELPNDYJLJLTXJZLBKXQEFTSZBHCQKSTYSRQUGTGYZQE
AEMUKMGVRRFRYNPZDRJNVEHFPO
AETOQVCLTHQLXIRPZTAMUNYKRKRWGWYGJEWOOUIGNEHHDKHRMAKSVYUNGIX
AFR
AFUZCYUVXQBMUMUNSRUVSCSFYZJTEJSNVOPDNEOPPBIVQDLAGNEWAYCYNOADPBRNXOQGXRAOCFFQTXPUN
AGIFGLCOLFMJHY
AHIOPJZVVQOSOPCAJHQOYYMIKUIVVYVXYCDHIFMSHWYBEFKMQEUQBLSBVZDVBDZXVRTL
AHWDHIIBCSPZYOETTZQCKOLNHLHKENLOKZZUBVOJXWVLXOVRQNTSQHILWIVWAXWOHBPYOJSXLGF
AICCTUGABKRFQGXZOHIFXDOBQDZLAAYVTAJNVZTKWOLGDQCFHQKYGBQ
AJBCTSYVQERHTILINUK
AJGBZTNHBSBBEZDNUASFKAEPFJHPBLGPPLBZVOISOIA
AJIUWCGGCWDGPJHHICMRDYOWKYABISKYNTFHWGMTDYOIKKRLGKAQKPVCVMKYCEXKMFTVEZLCPSNFKFLZGOVXSUOYYDMKVOQYA
AKAMFMAYKAXOWWIOEHIHMTZOHVJHOQZLYIDGTHWLQOJCJJJONFKLMFIHKLEKCTKUBLPOSCUWKXRYJXFYMVTI
AKFJBBONEQPJYVDPFNRRTGFQDRAHAPAPSBKNPDLKERBVKXFCRRDIUMCUEPGJBGNOQZQXLQZBCGMBFKFFMYQ
AKXLYXAZEPBIDHSRTDFADBMYRSXCGDYKYFAVNZZLGDVBBOYXNPRTRKMZYZUFAYT
ALMTFMTJYVYMUZIFEUXFKSLVCSONWSJKI
ALVSWNWZISEWQVBZAUOBOQGBGDCYVABOTAHXQYIFBDG
AMZIWTIXLIYAXEUUJJZCXHAZUXBBWSXRBLSCLJQBZUDAFGTXNMNVUAWTLANZSGBSKGYLMRIZSXCCD
AOOTRLGSDFBOGQKMDHFJUAPBABZIVMPDVZMHUHKETIJVT
APDKHXOESCHTNJSIORJJXAMDDZSISPNVOAZLJLJNBZZCRGIGUDSCSVRA
APPWKQCNQRXTJTZNBMUHBRTCSAKJBRJMEJMPLIJUPJCCSIAGMHAZYFUIVMDJGSMZHLPZGJBSCARSPRKKZEXTQJ
AQGMDKJENUUIAWJUCXLYGOVTVTAJYMBSENQOIQCIVYYGJBQTCOPHPMJLUNQJJA
AQIKJMPNQQLOTVEYDBPUEDQEMUJWFGGAS
AQSBKTIMHXASLKZQWUUFIGWWEAUSFMUWUCO
ARNQWEQHGKHTJLTMZUXJOSJBAWILTBZGPPRANXWZMWNMDWJTROGRSWIHHMPAVFNFLAEUUTZCYYWSFXXEMOTFUHNSGJ
ASCOBKXQZBWWBMAUGPGFAAIMWUJOEHGBKNEZYZPEAVWQHHTBULGAXNZZJQRGBJMRUUMOIAVGZBEFESEPBHTSBGEWNFPIHIDRIEV
ASDFHAQIAHRHVZOVGVFGY
ASFSALFIMWAGBWDBYHJBABUZZOEJMULACXLQKUUGZVGTIMDELBP
ASRRUXBNAGBCPEFJGHKIPYTTWXHLXJJWCPA
ATIRBJZHHAHTWZNSPQDOJADQFWE
ATNJALZUZYTBJKKAOBHYATEMCWDTMEBWIEVKIYNVXZADOZJRDFBDFUXHOBGEIFIVXXTFPZRQNLBASBXCMMPGCYRNGNVH
ATOZZKDGXOQCMXOAUEPASAELGFPLHIXAUCWTIEYOZLPDZDEWNWXAFAXAODSTUS
ATZZBPOABKMTPGEKNVGTFTDAFEXURUXSOPXWRHPWXEOSKUTNADRAYNSHQZUWRTIGNUEZJISGGJWBEKQKKKUOCXUAWPFSMTFD
AUARGDXHGHQMGXEOKJAMEQQPHJCPQVIMPVOUCD
AUHMNDCFERKCULASMRRFRACSGPQCOFBE
AULENFIZCWEGLDRUFTCGQIPMAGDOOYFQQSJQRICKIVFAWUUZHLUOYLYREY
AUNRMNOWQXRMXSRGSADRVSQSCOTTWPOAAQQLLLDCEBRKNNHFDVNOGNAIEVPYUUZAIQLGBFUGWBNUAFEOHNQBCATN
AYVIUFRQCSODYSAZNEOCLONYPRLNKOTDMTXAMSAJLBELSVOGEUEKIPILLXTDTEFNZKREVANUDFR
AZNEMQEXNMKUFJYZGJOXFCUUKYXYLMRWANMOBPNUOIOPQIGIUBWMQKQXFSTNTFMBUNTRWJYRWTJXOEDCSOEJ
BAHRJWMTZOFIDJRTBNPVMATBUPVHWWHZIYNOYKBIOOHRZJBGATNFQBLAHGWUAEWDGFZEVDVQLGHYTBBLNPHDJBJHNMGSOH
BAIOLBLXPHXFFRNBRSBTKTBFHTMJEISTRSOEKIQOTLQHZTVVHEULOZEHYD
BBNSMGSEWLDLULHFQNYREIVRLADHNVJYCORTORASEKRSFEM
BCMTTWMGQBXOAUCVODDCORWPHMXGXMUDXHDEJPGMGOUGPGQNTYLWUFAJF
BCWUWBDYRYYTDNUPVTQVQRYXFCXHXLETFRQVZHTQFK
BCWVIWAZCZYZIMJWVYWMLQGWJX
BCYXJOFJDIIYVVSUHTEFEBRGHGBHAETJYNQPMMVKZIBPWYZLOVMPFNOZKSQCNYJZOZAIECIUXTF
BDLPAWXOWFBNGAGNRWZVVLIGCNGKSRMCGJEGCJFVHTUQGYRJCPUHBPTPU
BEJYWFIJUUXFVWHGEOGVFMVPNCFWLDVHWVJYXI
BEMKIQYLQANFEUY
BEXDYTBHMKKQEL
BFXCFFTQUZAKFCHGMLYYSGPLXGVCMBURTKJLOIWLVWNYSVGVFHMWS
BGAZFEURLSHCYLSXZKGIWQXTWCURFAUMFBBEUAJRZUHATGYAKDFGYBRKI
BHIGTUTWVIXSGRMMVWHXA
BJEJJMBFOKEHUWNNZBRGNTBMKVHPQDVJSZTJQDARUFPICYENBWXLBRAI
BJUFXBCPYJLJTSAODEHAGCTRCRNNBHRK
BJZJDWBAVRVSAKAERDTPLOKJAGBKEDFFWAUMQYCYUINSJXRKHSWGCKONYPIXUQVSLQWZQOOTBUUDASADPRDMGZDLMGNAQEDENUH
BKUSMJRNDXOYOKFSMSTYTMGFBUSDWNJEEWJDHSZHTKTFHKAMEMTFVZZOEPQSRORQNJUSABKUT
BKZDPZSHAPNSXLQWABZGNUOMODRREERGDJPIBMIRZEAGIBJWPTDXVKMHVNOLHBCWXHPNVIVNTHHITIENUUBLAULTXINOXWJXCEIA
BLQVQBMSQKVMOJGMSOWGFVYIBSSPXFNFBBEWNNNDTUPVBBQXPCHMBNLFNITYIWVLXP
BMAUIFDRDZNPHQPIQOTJHVQJVQFNB
BMOXVQYYPYHVCUYZUIMQRMYJTSAEQYDFPSLSJPNFCVXED
BNEXAJHOLWPROIUQFFOGCACR
BNORAMNJSHZZPDCHOVQXGBUDBJFWVWODJUY
BNTFMHLTNKKBKUKSEHJJFRVAEQBHSIAYKHIWUDBYYIXJKHUOPXEQQKSKSTAWFEAEJMRDLOXBFKLXUMPXVNSVDKHZPYEB
BOJTOYSDEBRBGFCJPNRNGASXDYKYKTLFUSPX
BORRCJGECPNN
BPCNKFQYDKWHPLEBIORYCSRGSRLJEZESFXFXUHHQTJJS
BPOHWGEQJCAJXVXWVTIIFQQOJIAGTNRTMNLGKOVN
BPUQDQOUTJKYVHPJNSPXQSSFHABSYMJGXAVANFNWTJQBTJOZNPLJUUIIWOICPWWHAEAVLOWHFSDGBQMYMBEJBALDRMDYXLHXM
BQFIVTDIBNRMXLKT
BRFIUQMULILFVYCOCKHIIUSYPCYYJIFVZLUXLDURIIFRNOBVEM
BRUTECFHQLMGOFIDNJLMNKNKAODWRPPGLIBXXKHDTWUBTHLLWAQEJVFQDJSPZJPAVGUGDKGD
BSCDMGUMMUDDHPPJUCHGJWUCS
BSJFXIZFBHRNURLRVTUNAWYEYHFHZQMXCBPCQJFCRUEKEXKKTZTMAQSETEGPCRFKVTKTBJBMOR
BVBCHASNFZRKRUGIBWTAJVSGBJDTDBRFRKGCTDUQZFVLPAUTEQJHCELGCUBXXZKEHLSGODOYCCAEZHRAO
BVQZKEDWIOARGLWWHFUNWCTKBOXCYNMDRGVKZMSDKAMLPRSSUPREJGWYBFYWGBXVCWAAQLWVN
BXBRMJGBMFBHJCUAYDWFDIPKOYKVTIVQCZPRHHUKXYAGQCEYUVGAZWVTIQDOYLHDKKFKNDSQIMHEHJULULAXCVRGDWJREGLLR
BYTKJGXBLYMGJVNWSZDUQWLQGCFTVLUJL
BZLFCEJYUWAXXXP
C
C
CC
CCJDLLXUXXKODZAPJCJWAQEUGBVO
CCM
CCOOGJTJNNOOAJYSNJJHUCVUKDFOEDLHISGPCYXBLAHKNLWJEUBHYKVAHTDDDF
CCWSLOQXPYGGMZNRZKDRWWLTKETPZYTGCUSUGDAGMQLTMRZXCFJOGMTGQCHGV
CDFCSMUA
CENWSHHDXSXWNQGO
CEQXEBZOHNSAVIMERXJOFGQFKPPQSWLQXRHUJEXCXZCWPCHGWADIKNSVOLNOLJVKCCCEASVMAHRFDTQHHIURTCFJYLFYRI
CERXYKZDAXMMIBQSCATMACUKKFMHQPLDJHVQIKGEBPIRGVOBJDIRZMWZJGMSXSNKMJCAFZJRUPKLUCEPRLYMHTEWLW
CESARUSDTTQHRYURZUHTIKJLCKJCAHHZLJN
CEYWHOQHAQFK
CFGQWPCHRBNPJZYCMGOJMNIFXB
CFLIAMAEITOE
CFLTWUUZZFWRYRAPPBUZKXIZCQOVMHRYHYOZCHFKTFKCTOAJXGLCXCMFXMRFGYNSOXKACBNHWJFFMFGOQFXFWOBELJ
CHEYLXUCGBHOBUAVPSPLBUSHPOOHCAYYFYFDAJDQCVLRGMTHJYLAJPWHPWIXIMAGDIIDPWVGPYJGJABDVGYDOXOQBXODAFHQ
CIRCKGAJSRAZ
CJHCWYGPZAZYVFGQZLCTFBGPXFDXNRZTOAIPIPPYLHXMQSYZFTOHNJLBDSFQVICHA
CLIPPREGRBVQEIYISPXNVEDSNIMFTPTXLVYHGCVGVYIAVDKEGHARPKVYIQCHEZNCIXF
CLXNIPSPAZDIHGDBKLEGNY
CMCZPSXWBOZGGDOSJGTTQSEAEZBQYZFAZKGLQHCUPZUTX
CMNXEFTLINXOGNBFACBOFGOXQLXIULJXCAGW
CNHCHZENYKSRAIUBNNVZRDXQMDVLIEAFSXLEC
CORYILHPGGUQOPLVVCZAVPTYGB
CPMHMQKOSAHKZMHSLYRHUXRSMMWBZJ
CPTACVTKMIPPOJUSLAKSUXZCGVAYUABOXORYLKFFRHJMROWBTTPJCNZEQRUGUVQMHBRASWHAUFB
CPXMYAAJEXLQVMSDYAHEOOMDUERCSBJURLNXLAPIJTTML
CQYKYCDLQETITEIAUZXJIPGOKDOIIXSTDHSUDIPQFDZZIGUWMUTNFRKNJJZUOVCTLAELLOXMJGD
CQZZGITFWYBRAXWLWLMZUTIWINZBYYMJLAVTCXHTCVEPJEECINXPOTUJHC
CRAOEIEEUYOWIKPHIWQKSRWAOHPKSPTMGEJNWLLSDTIO
CSEUHVNJADTHGGKMKTQZBNFRJASPXODPWSMHUPSNJUNDIWEOQSGGJCWOMNKGCXMLADLOUDRUBCPGABINVEYEIXFUVXUHF
CSNLLALPIYKEKTVMSXLPZLXPRNWMFVCYRGYSWUKYMHYWGKVGYPVNQDSQVXUYEYKMWLN
CSPVDWUCDYKFYFYEXMEJRQFDXIXXCAVSQDTTJYNXAPUBY
CTIEYVOKATYMZBCSIKHADAXLFERWSKSDKUHTMPWWZTMNDQUMQGVTSGQCVWZUDSSQBVCEUIGSNLBJO
CTOSYDEZH
CULQUDBFQSVDDUOSTQJGAVGTYPY
CVFI
CVKSGXAQJSNVWFJOYGJQCSIOVNLUOMMFMUJSTQEQRMLTXUYRJR
CVPHVJWFHJWITLJWJUNVXJCRJSRRCJSVQSEBITKOABTOZUDORTBCHRTSSYYCSEDYRA
CWNJDOETDQJJCOODOWCHDLVMJKMETDLFVNGKBEZGQEKHEQUGXW
CWUXZRUDNRFVGBKSZDKYMSQKWYCHYWBWWKXVNMMTFFMAGEXUGJVLD
CWVUGTFAYYCBPKSIUWXZTDHKRECVZEMWENDQRFYFPVBPAZSHIOCSYK
CWWGSDOBACOILSWRDYPUNXLKJSPKMYUNOADMNFEFDQOLJKPCQQRTARCEKLXAO
CXDACTUQSUCUSZJOZEPNWWOUQWSIVDWPEGUICSKCUVEMXKTKWFHJOEAFJIJFBLVOXMQLEBLHTNTBRBXGDHMPWNBZGP
CXHLQZMHWHXLHBHFJTHSUZAEOGPTEYUDXOSOQDALOBDZPEWFYAOYRNADWDXJJTDXNUOTJTOGTVDSVBOKK
CXNGJCXFXSNWJUQWKCLFHBXBM
CZAJJHPCLVLUZJEPYTPFEJKJTMFXUBAZRYASLVMZLGBVHNMQZNMHJHNTPQPXCRHJVMD
CZDHXUXZDPGZHOQQYCUUOLUIFIKUQUWZHQPRCHTCDIWNAEUDBZIEJOBRFUBOJDJI
CZGSHNIJCYPGMJCIVRV
CZKWSXPQGYLXLRCYHIXCSJNUQUJQJGOSKUWKDBQLVNTTOMOAFAIYJWVSM
CZYCRYIYDPZEQDUQNKVXOVULXXQXZTUWZGIOBAXHFFBCSRLNLKBYUBEHFNETHLZJVCEKUGOMM
DAHEBGXZWCTUBRXDGWZMADCNAGSVPGGYISUELCLAAYRZVCUYNRTLAKOZX
DCDBSIIWLOPDAHJYQUEOOMBKLYNPKFYNDZXXMZAXHGGW
DCDVWI
DCGCZWEUGWGCDTQLVHV
DDDNDUEJTYBAGWSVAOZRHIQNKGK
DENJFCXBPZQLVQITTLPYHILWDNCWXTPLFAWOTRMIIXVMAWEBOJJSK
DEPUNVXXTONEECQTHRUBGJIGPEVHNVPTGCPWOVKIISYXEFKKOIOGKBKTVJFIAPJYZU
DFDZSYVAALKQNHSH
DGEWIJCSMDAFKUZQGRGHC
DGVBBADTHVOOTTINPRBRPAFGWXTQBXXSUMMW
DGWKVEJOJTFASJRPCSBGWXYYPPDSWQRUTHWDDDHXKRCWDOMVRECMVBWFIXVGBRRSBKHLMNLYKEVF
DHXRXFSGNBTANGUEAJXCRZYCFZQBVLSTTAPQWTDYKSTDZIRFKWZKXLCDJULYPQKBJAHNQEHGGYRZG
DIRWUFX
DJQVMXHHWIVDYIBPWAFGISOAMGLYPWJPJGTNUSQBTHNUNTBIDEKBPIGKU
DJWOLHWHOFWDHCWHXXNCMSGUTZTTLVIQNO
DKHHZKPKPMDFTCMIITPBPCHQVSCJOL
DKQKELTVZGAUZGIRGUYWEPTGHYWKZJEFHMNRGZBDDS
DKUOUWZLEWQKVGZHLVQDVVUIITVYCOASOEYCLJWSCDFJRKUDQSCQSEEHQLFABAIQVYWRHWVCYYARQKQYZRHJMKZJZRMZEVQBVPOT
DLDGTKJVZMGNLZQAMHCZSLQRGQNVTWPVFMEDSKDWSZEOCSKWFNQBRYXRUMZCWNBC
DLDYIWGWKUOFYNVGWRLSNZDFPIVSSVGMRHETZCIHSVRNPDYZRP
DMQCDLQDROSBHBPXBATRQIBOJPSHPBKQMUZTCMNQRXFKQZRPDDLFWDAVKBSOTIOPECON
DNFMWAPIJZMRFRDDDMDYXCOGDREHHZEGYDWZDSRDAJRFXKIOONDNYTZBZYJFWHBKUGTBVDZLUAYNKJJTJPTTVRHFE
DNJKFFUSXMGBEUVIWIDGHDYLUKYEFKANGOOPVXVKOHJFBU
DNOJYXJBJGYHCVYAMNWXNOBQLSRVAWEDGSWXUXVKEONHMZUZSGLOKLDPMXXFGNBMCV
DOHVVVDZNQUQXTECCCYXLUXEJKYERL
DOWFFERNHTDVWYVTESTNTMXMUHIKUHPHPYTIBVORBWRDTZWBYMDUXLCQRKKXVHTADWGYFMSIDBMWUTTVLGM
DPDNABDN
DQDOQLAWUMTFFIJVIPDAXLIXUCZOLJPODA
DQNXRVVFYXVWMERETLPHYVZBEDTAGCVMHXWFVTMFIGLLUBYMJJMSEQVIQMTNCVZWBIOPHLIZZKYSJO
DR
DRXTGPAHZLFYKFKLRPYSKXEXUHCXHXLRPSHTZIAUSWGLAPQVQQLDILOGNAYYMCACZOJSXRLJOEZNRSXFRGGRMIIDDBGZJBHPW
DSFMBGOCJAAQVZXDQKPTNCCVSQRRHWTCFQMAHAZDZTEJWTEVEDJKNYEAQJUKPXVMHYKFN
DTJLQJQQSBLQBOFIQXKTXCNYATAJMTKISZJYCEBOHHBCBOUCIMOVGKVBFKKXJGDZQCXCFGGLWWL
DTWPIQNJXRDWMNCOLCLXQRLNVBLFINOEUFWTBHLVCFZOVQTWMYIPYIELIJTGEHBKCYCGQJNEQQVKSWRFIP
DUKSTQEYQYZHBDZEZOMGUNODBZZPZHFOXSMJUBAPFSACEDPVYO
DVJDWCRQKQVTDRZWSYWMUVQVZFVXQPMP
DVXWNAMHQONBVIMPNFYNJEZIVVQNXHANWFIVILJBAQPCRGTQREELKZNZWOARKYJJNAEQZRHCVXNSPWROCAWTCOCW
DWUDREYHDESQPVYKKNFJKEEEDOHOCLNLONFSVZMNZEFSEFKTALQATYOYRQADWKERRGBBQGPLBRKFYLZXEONRVMSQZGAFYJ
DXEKRGOATXWSANIHVXIMRJPTVPEUIJRBQTIGHPLEIZKLBBVTXXOCRKYUILPCC
DXEWDRVFMLGCSWKWPQQOHSACPTYRZQFSBRVITWILPDBDIIDYJAEZTRLKXCHJTEGWGNABBBCSHE
DXHECELDDFIDAXJLYVEBLLRVPFTBJERSEMUPBLQKOWACYDCEAZGLIWNRGLPWLJTYNQYODUKNETMPLOXMCPBJYGJIYCJQVTZEC
DZRYRCUTATXLEOJSULZKTFQJHLGMBQTK
E
EAHYBMWBSIIIQUXEDBNWSQUTBWQPGNPJMSCGSBQQOVJRAUQHVCDYYKCOGOXFWGUFTYWYRQMBLXHXHCTH
ECRIVDAUXHFOAANDROAENRANYENOKEDEDKAXWFKQVIEGTQDQFPCGSEDMBDJRQMJSEBL
EEGPMTYVQYWGIE
EEQDO
EEX
EEZFMLUZLOXCVFFNKHMHPXBMFOSEZPXKTXUYFXPVPXNRWSC
EFEDNNYBWVIAJYGPLQXMWXQLMOHCGXBYXTWWJZILIRULQPFHDBFYKGSHO
EFMNMVZJGYNITCPFKS
EFXADFXQIGACTNCIQBPBIXYCIMAGBTNZYF
EGGVOXIJUWLDRFGABNLDWFWJUCULFGOCGEVIBBXUSRHPQGRWDAZGLLBYJXBMDXENIJWNKYZZQQLEYHSOKXHEHHRUCXYDZ
EGHHNNLSVMJKIVPRLLQOZUPSMNSRWPDIFPGXMEPO
EGTEVWFBFGXMZRGHLLYOCFAITSKRFKUWECIBBGHW
EHIGEIPYUNKDIFRVNLDSKSPVOJPHRODXTIH
EISBXQTFYKTDJEWVZSBGPFTDRYPHLDBYMJUQVCSZYLPGWK
EK
EKI
EKYVGZEAXOWTFUYDHPQJKIFXBPQWEGIAJFGWKVUSYGQLEUNOCTVANTOVFATQJIVQGWKAOBTMVYLERTTGCBTKKHMPRKRKBDIPK
ELNBGNHXZRUQUBOGSKBMADYBPLKFOUYHHGNGLFBKZDSVCOPPCAHDNTWANLLUCBJETMINOIVMJRMXKDZAWUDOMUUOJM
ELNZFVRUBTRAMVGUZLSEHUKJH
EMMXTYCFTCGWKYPJUWOGGLXOKDLF
ENEJIPFZ
ENGERPWQZXUCSTMICCMWJAXHUFPDHRKBABUYPEUPCFYJNDTIUQHHQDNDQZKLZTJHMTBRYOTYIWTDCOTQMGIQKDK
ENKXUSADRKBWUQKZQNENYQGHVVTNGVXPTQKVESTKXBGMRDLLLUERWSAOHDCZYNWWNLDEFOVXUTQWKUPRKHBMRFTAPVNBQUMJF
ENXDPSMCELLFQYOVFCCNWRFTSCSHSFJQTKEMDZFOMBJMDLKYAHVDFCZNIDLMAEKZBVMFUBRFWOBVHSQHSTH
EOWYFTYRZOLLLFUEGFTBYYUXPQPRXEAZETFSKLDWZBUHLWZ
EQNAERYKBRAWWZTEOSTLIOLHBNDFUQQIPCHCMAPMNMQLTOTSBKTSDNHPFFZR
ERC
ERCBIGYPZWNRGMOOAWRSDNHNTSDNKUHBVVK
ERPEGUCSAULISQB
ESGLBHIWSJEOJIPFIVMQAIQUXMUDMWEFFUEOPXOWPLSUN
ETUATYVSXNHXENIC
EUOBKQVVLIXTSDLYMCLDRXMTHXMUXYEUGQYQMYNBDARLAUYQACXLNUCGIUUMDAYMECMBFULNPKARGB
EVCOVOYNVRXZWUUJKKYALCMGJKQDUHSLGNSXKNVPHMSEYPEGGHTCQWEBJWEL
EVOECHWLMOHUTYTKBECYGFTIFLF
EXJJQOYDRXMNCMSCHIYQMGJPGVHAPABQLTQTMCNGUTOXDXYKWSTUEUHXNUCUHYOQWWCJWYQEUSWTRMMI
EYBF
EZSTGRVDVZDDUCBSYVCQSIJAUILSFOBSZBW
F
FAFPAZWUQAXZPKUHAPILQAGOZDGCUREOEKSEFIAFMXZHBVODRGDGZNZFURPXS
FAMRTQEFVEXDFUGMFFHDCLUCPRUZJNPQHLTEDDLGOXVPPVTTGVEPEIRTFJCCVEWHOHWTABIBTBOFPENT
FBRTMVYPPKZAMUUIVRZKFZWABIEPMGGXAMGBJEZNWBGSTYMRUYBSAFQFFRSERJCIDBAZNTYQRMNETEHCVNUO
FCSUADJKY
FCUYJRHNLVCACBAIPKSOPXRHCWQDUVZGJCZGSRTKACQJFXXSXJRLXMYHL
FEZWPWAVTNITGOTLYGPLZDACMOTYSYRAKAZKHBRJPEXTWEZJJJRNIVPCEWJ
FFAKZBTBKAQJMRIKTJXWYXUOSCEMRYDPNUOGFMAQTDDGCZLWSIQCRMAHKLSWWHJMWAWSDBEGJGCUUOMSRIUIHBYBTGWTUDT
FFJJCDLLOISCUMWMJNHTZOKMDCMZWMBEFRQTXTVNWRHUTPIGLVLQQNPRV
FFPXOJIVZBIWNVDOPMKDEPXBSJAPQVEACKOHDTHAPVWSAAAJAOCCUFMQIOEEITFEXH
FGMBEKNCEMKICKOJVBHIEXAEYPDS
FGNEFXUUBMRSIYFOGAMYKQXIEPKEDVOBRTJVTKKHMDXHSUPKWHNOQWNPJEZQNPQGYPBPOKVVQFMGSQQJAZIWHAKUGULO
FHKNAAAJEPHJELGNOIOLFYJUIDKILSPVTSNLWPASJBCXIHGFDOOABZTHYQEWQRYMZMPMXUQZHVBDVLMBXEFWDOUUYGNGLEBRDQY
FHSYQOIUVPZXVIDKOXWDNIMUSROXOPHQYXZZIMCJETLQMBGAGMJVWSMXVXFYZKFFHJZYIDBCVNZUXVIRLORBFMTFLCEKGDJTNFI
FIRGBBTEXNWNMTJNVLJPDKIHFOIBYXKDPFNOHEJIRQEJNSNYHTYSGZLUZJ
FIWDUVBDMZCEONATGORPRTZOQZIQKESPQKEPFOLWDGDDSXTHRXIFNVZLJINUMLSIHMO
FLPSDHQGQCRKEPHFPIUVJK
FOWBQUKVSTXJNWEDDCUSNRGRTOLFPQJOCBUIXOKZNEM
FPIDXOFWUGHGIOJPIHDROKXGLRQGNBBXNVT
FQMOINNRAWVCEYTCDSRYPYUREWSTRCQUPLKHPLQLUZZEDEXITIFLGIJGWUKLUTZXGBMTNMNRCFEPYQOZZKAJXENHCELUBFQA
FRZEYKDJBSVSZEJNTOFKUIMLCBVQGGELHLIQFEMWHTGKYPWYLVANAWCXFOBXOMDUOJLNVTIPBJDABBMMEXFKGQKKI
FSBYAUYEZQXIUSTKSKFQHOXDUVDKGESUAHOKFFAVGEVDGAGVXBEBECIRVXDFQO
FTUHSZYQRDBZD
FTWZVSVNTGEPPHRUEMZCPEIQRGOCMAKOZVMCDPEKGAMDZJBZJRIDLAAALFIO
FUHZKLKFVSHLUPGIVG
FUSQFSZADWJFFVUUZBYHPKMYVGJBINJXBJUBVCLUIIUYCVQIGUKITDFVIUUYJYSPNLEWBTYXPEYHQNVAQAUO
FUVZSTIORKTRXUPSHJNQTRQZIMEMEUXGOBIYTQIYVXOMCYJWPFJFKUXOEVRGPWK
FWSRRNRDQZEDFTLSDHZEMNRKAWFFFGQBQBRADCEOOMQTVDQESYFKNZFSFIRVHMYJJDMDBL
FXSWHBHAPWGUCECKEORPBHCPSPRPELVEGULBSUFSZQZWKUWUCSWIVJWXUDDSKSVEACOHTBSJJYPLIFFXSXNMONIWXNGPQMI
FXSZUR
GACKYBPLQCLSTISXACTMYMMTDYVRLBHRUVUUKXOODWJAUPLZ
GARLPCGOWDWCOQRUXIGPTNUFOBBLOSBYYANUWKBFOFTFKIGVZVQGKFESGMXOAVZDBYDODWXMGBBNTOUFUGMSCVNTVUO
GASCGWPXMHQMZDGWXJIBSGNTGLKHWXDJZUOARLTBJJQJNLHYQQOYVWEANYVVLHAOEGNFPGFMPHSJQEGUEMQGJEOCPNMS
GAXCSGCSELLMHCTVRLYFBQSXMQOYBWLMTIQWKOVTFAYAE
GBUKEROPTTBCXQS
GBZUUNGQMJATOOFSGLNYAUEXH
GCXFIJCVQUICTZQGORAPUKWKUCHKZGYSLDLJOOOLWVTWUPJF
GDBOKJZHLLCEJICHKBFZHGVRRERPPTADNRWFPNESJQNQFHRYZLCYTFOZHJXFSJRRLZQSMWRXWMQRTELJNSQD
GDRIQJQAOPPJEX
GFUGRCAXNFZTMAKUFYSXPUTOXCVQZKEGVTGTMNGPFBYPAPONIYABJVIMMFIOGKYCBSYSTRHSSCROWDOINIIBJCWZLUHHFS
GGDALADHZOSXFYUSFOEZMXOTMNKBXRMG
GGJLJHVPJDTQQXFJUZIMMKJYUEZJZHBKZORYLTGJUFNUXFZWOAXJCMCVWKR
GIXUM
GJELTYPRHXBEFRRREVRKZIMBAWFGYYDLDMXNVJGGPGVNOUAPNISFMISYWDLXTJTITPBTU
GLGBAIRYMWUKMTKFBLKVXAEOCVHXSGFXONQSSNYTXSQEBIZGDKORZWYFHSZFBUFGRWWZCRNOMQYEKANUVBU
GMBTLVDOHEFFKBBVPMQNKEVOOSJUJHY
GMJRVJBDVIKVOHBIBCWZQSFALLIOCNOLCDCRXDNIKFXIBCGNPZTKPTDNHIGJBNBIUZTKFKLYOOOLU
GNNMIPWFRWMTWKSEOWJYYDSLUXQNIJBGNQSMIPURZAEDMBGTHJSTBPYDVCSKZJXHVGFFSFVZCSZXYOYTRWFYRHFY
GNPSJCNDMNQECD
GOJYGRNDUWIKZHGQQBKURKUIMJZQHOOUUFZVYZVRDSZDVRBIBOXZVVBWUBMWSXVGHOQUHLSR
GPCQCDVYLDYRIDVVI
GPGDNBEMAORWHVNBBZOWNZMBKXMIOPDERYLJWXWZPZWAOYI
GRITPTX
GRUIQXQTJYFVFDDTHWENYRPDRILKHCBLVG
GSGOWX
GSKINGDJKSGHORSHIFIUNXZLSLRHDYPNORUQYIUUFW
GSOABXUOAXAWMJKJLCPZAOUPKMRIKXHYJUMMEEESIDFMUXYKQAQJYRVRYYPPFLDCQBNRWYEHXXRWJHUNNHRJ
GSRZZNQJSRGOGHBOHSQMSQSOXLHGESAZNUULCECLSVQXVCYNAACKSWAPZCBNGKEZRGALNPLC
GUJSLITRMYUVQIVMMT
GWBYKFGMXFPXYWYUJVBJCJSHDICTMUBBJYCSFRFJQDU
GWTRMJILZTDAOEDHMRKXVUHHLNKGTRMXTNPBZZPNOHUSIWLZGBNKROXMOMFZYBRIGFGBOBHMCW
GXNYGAJTMRVSVFRLHFQTGEFJKIYQJOYEXOVSYWHTJVZXENFCGXPQCSIBRDOXC
GYCOMPRVIIKVDDMQPTBZAMNYGUOAUUTWVIATCURNOIJAFNNXCYAPCYVTKDHSBQANONZUCSOVCOKRDMTSHRYVUD
GYWMQJUZXMXVXVBIJYFRQDZQVIHQUWODJXGPYKVGGDPLHZVWCFDRFDGDYFRIBEFBXUMAOMJZCYKNNNJWMLNOTXXFQ
GZUPGDDASLFAZEROMKWXAQQPCNRGEJQVAABAUIXY
HAADFJIRJRXZAOYONVPVRNVOBLUXRCOKHPTIHBBMEXEGEKOLVBKXDJATFLCTOLZGCMSKU
HAGMVMSTDCTOMHZGLLCL
HANMXWGXGXJYDFDCGKXZGUVYTTXRZVE
HCDRMGRLVRYERJTDCUHAXAEQQVWMQYTUYTOZPEKRQ
HDBQWKUKVDTUNUCETOFVKGCKYMMUNASMKGOHYFLINCNSDHNHMU
HDQBTLNYYEFPFVBFQZXLRHZWHYOIOPNVGEJSQDYDDYGKLTWDVXEOXEHADUTUXFJJRKIBLJONATHTBPKOCKMQLYXCWJOWJEGYOX
HDUIWCVJUCGH
HFPPUESKLTORRCGIJLHZUEQZDCTCZTMESEXEAUQFCDRDGJFNYJDHYECDPQMRKPKSGJZNFCIPVBXQMNSUXGEPQF
HGFZGHCWYEDQDPYJNDWYPGSILRWDZLFHFITVWPZYLBRGUSQVLOPWJXGANXOOKZWNYWKUWCMYEXMOOLNSABSLWIXHB
HGIJBIBMNZXAHTYWEPWQPIQPMBTFONEHLYJLOZIHNFQZAXWJGNHNZBJZQSWAOWXZVPPIKNIEGPCJRQOOFKZAFQIJPKUVDISR
HGWIQRFFOWLLZNXKQNGLZSIGNKSESCLLWPTBTONUFAJCOSBCGBJCNRUOXPVFYBNLKZOJTVQCZMFY
HHAHIOSS
HHCUYCYDDTFWJTVWNYVMVSRDCWVSYQDGGMDHSVYSDMJLCBQHMOO
HHRBSWCYWHEYXZIQYN
HIJMHBIARXZPAFUFAJXBRTSTBZLVKSGSVKONRMHIOYHXYNGTWUPKWCHOPPKHPNPZQHTPRHNOBPNSLVVNTSZQCWVSDAXBBZSAJH
HKOTCSFDIYKDPAZVLAWSENWTFNARQHDL
HKTIFYRNHBEFMAIVAIPLDOGUKOGGNRSEEKXFYMYFDALRLETAMLTQANNTEZYRRKAPJZ
HKUZBAASLXUWSQXELCWFFIJOFEIOTNHPGMRNKDGCZVPLGZUZHT
HMGEIFULQESLCFKCTZGHYDGHGBLRTLOKYODEJLV
HMUCRUJOKRWJBPRRGXPADWYHYTXXERSEQEUYCBSFKQAKWFJJPLFUVUNKNMEXWLKT
HNITKYQVVKOKOVKN
HNLKNRMPAY
HPCXZVFQSOHJDJQIQJTYDPYRWRBLVWHFVOYFOTFWSXWKVIFDEWRVVPUSRLBIUUUWHCOPKKTWDWGGSNVOLXGZFLJFUGNDS
HPYGXJCGOWNQLWGTEDZYWEAYXHUEOWXJKXNWNLGYPBTKBZOMVHJZOTACOAIPPYSRZDFNJKFTXBJULQWYSIIGNXURWKHN
HPYYCHYYZPIHGNNLCMVPPGLEYQCNQCLBASUWDMCYNDHZGMFCRCZBKUJADUALEKHXDHHNTRHPKXCLZMXLLAVOCKQGJTSJMQTC
HQTXIPCFAOXHPT
HREZJXLFDZTPBDSZRARHZJIWIQCLLWZICHN
HSCTNYTABSBXZQRFMCDHADFAECUIPFYXNEMYUSCIIFSDKWKVJAWUQEXDMCOLDLLVTDKUDTLTAVYVLCPISZYOJDGIGILREREX
HSIHGOPAJCBNCOS
HSMYXFSMGVWSKAEDLNQDMCCFUBRNKZYKFWSKKMTFCHZDYOIIIZTXLLCEQ
HSRQM
HTPGITJTKOREEKIDPAMYDMLQQAPOLXMMYKPAXLXIMPH
HTWJOTQAJVVBEVQYKRXNYYEDAWUUKVALKETFGQKGRLABZXRRVSWELJSIPSIRYVPNUJQA
HUMJWQHHV
HVPQTC
HVSRPUEK
HWASPPHFNQVWEOVYRCQYSJGQTCFENSHDQFBNOWIZTDJ
HWXVLXWYWTZMSIICAQZJYCDEBAVKFSPPZTQQCGBSDTKIYYVKGNQZJJSFSSTLBLTDEJMZ
HXAHPMLYONVZEZVNFNVDZKQELCWNROOPXJJBARYIFIJWFXWTEXGKBPTXGVWNPXGAZFCVQUNOPN
HZSTEVUAWEXNGHLLNJZUZKYPTRUWUKPCESNHKVTUDSYVCXETWSDVQVVWACZMBXGLPUIOUDBRPFRHMDNWNAA
IAJDCHQQKQI
IBUAEKXUWNVELJNXCYQKJQXDVFFJMVTDTCFQFQEEKIZNCKADQTEKZMIRDQFYEOHBTRKI
IBWMAXBUCCSMXRWLWVQJQHDWRBTBDFTXUDG
ICEAQZKLDUTKSLSLNKMDVHWIIARYEDFSUEZYRGHCQRTJAMYIQAHIZNTAFW
ICGXHDBEOQLBHJVOZJDDNIXNIFEDLHOWKIBJHJCXJXUHBMJBELMYCLCZFTPCZXT
ICRZ
ICUAREEWTWN
IDFJVFRCUYPHOSIELLMLOAOYCE
IDVAZ
IESASBEFTXVMZOZWSLCAHEQDPDJWVDRJCMOHTKEFWSFIPERXTUPWYRMDOOLORIJPFMJNZSCHHXDPZHO
IFBZGZVJUWJIKQUSOSZCMHFIOGNUXMBRYPPPZERRCZE
IFLTYICPAKGMGGVRCKOGQEVJGRQLIAHOPDTQFFKZYGEIRBANIEODPSAEJCNGRQHZCS
IGDYVNCCFWJTEPDJCHUHEIERHLFXVEUKUJQLDVQYYKLCIFVYLTOSPKUABMQJHFHABZZUZRGGRWITWBICPHMBQBVJOPKRFGQTD
IGXGHBCYJLPTAEFXBUZLQCGTPHDI
IHEFPJUNQVWARKFDEJNKMTZJVJPBIBUADTZILAJBIXQZSMTKXVG
IHQWFIJBRCXBADXAGRFZGHYQBQGEYYIWXRTYEKRSETJDHMGKTBWINNJAIAVO
IHSINKFJUGHFSQXXFKHSDOSSGRFADRZYTLADXKNUZNHOSFXMI
IJHMMFRSOVREXA
IKSUBDIMNIIESBGGKWZLDNUVYZNVHFKIDKQDWQOLEVLZWWAJSOAOZKOUQXVBQMEIXAAHKCKTH
IKXOHEIBIEGCKJHMCVFPSVFJEFJPSLGOXPFSDGBTFIQIYKRYWJYEUDCMEOJCUTJWXREUDOIVUMJJEW
ILDLWVGGIZWCZOIXMSBBCLCJJCKBAUWP
ILWDEIILWYSOJLDVHFMJEVMRI
ILZEBSKDLMSULSJDLNSVYXQVQJTZBNZEVVA
IMQCCIQCFHYATYSGWPB
IOIKUTVSLHJRTFFBZMQWFYXTFNXHZTLMGWQVRXALUBVFMOWSRIWKFFTJROFHVNTRWWLWPKKCMFBEDRGRQFPQXBHACGECRSPGHDJ
IPJEFLPYKDDFXPQCTHBVMHNQSHZCFHFHNLOJLY
IPKCELKHCEBUUZOANSPDCAPTTEDSAG
IQETHIIKXZAKAGSEPHNXKXVEEMOXRDYSOODSZZCCIJRUFZHUF
IQKUOMOAOSHBM
IRKXG
IRTRFBXEHHAIKGJYWBOYVNWBDBOQCENLPMCFYPHMFNIYGPQOWDROJNUUVROEMH
IUEJQLBPOZEEKTIADXBY
IUHRQEKKZOMWNRPIBUCYJEDATIINEOZEGEYOSMDZFCDVPVOGAYEIHYNEQGYIVXFLPHQJSAQORDSGAIKXTCMFJQXHQTYL
IVGFPQCGMMBOEHJODIOLTBXHFGEVCSDF
IVIXAJLXQLNPXL
IXFASXMWFNMEPVZPCXLQBAVDTTFRSGOJURGLQIJMBJSLEWKHADTCXXTICBGZSUDZZCJYPOZUNZPRHKYXI
IXKWJKOAPFJMGJEWZDXYLIBUVRMYLJEFZEWRCQBGTLHSOSRJFZCGQWKAVQBSYQOGAENBMNUICQEZAIFCZCSLH
IYBIYOWYGGOFOQJCG
IYTKRQBGFORCCQAXBQNMUJZXMOKCQGZXHYQSOSDGLMJHAMZJWVBYOJWZZVYCGZQZPTUE
IZAKOMEEIYHVZJBRRLLSLBJVOIGLQQYCSDUMXUJAKKDPLECJKFRMWJHGQEVFFTNRZECWPOTWCK
JBFUCEJPKIVWLLPPZWPHVQMIDKLDHJGDYYCJR
JCDLOXFJHJEETGPWBRTAKAHDBNMOLJJILOI
JCKBZOSQAJRVKVJHLPGWRTZVYXAPORIOLNRREBNELTBSIKUIZJKKNRHQDODBNDBIBCJWDSCJBCKXRGNODSPFHXBUGBOPYL
JDBZXD
JDGTNNOLFZWBYUKZRAUASPNNHZTOUTCVNJJNDOPIDAOMCYTQQLNBYSZTQTMNUARMXAN
JEBSUUHRSUZRHVFMLVKSCLHMUNXGNACNMEOTBOYRDUWIXOJDRZFESJSYWPYGXAESSLEDHLKXWTOIOZOFE
JEKMCOEVLXWZEEUPOQTZTIYMLRGWFQCQKVLXUPYRZVQQRJJETEHSQMFAFYBKHIQVUFPITXVYRCZXRIUBICCBIKAXPLSVONKRF
JETPQJVGWZGHDYHRIQMZBUGXYSKFIPDEMEYNIVAUNCKMFYOUHEJN
JETYTNEYFWLXUHPAFVQKZMLHUTJAPMJCECTSSXVDXBPEJOWZBMGGZXSWSMDZEEISNJTRNX
JFAMACHSZTZWSKIMRYQQQDDSEUJMZDXQYZEQZFDUJTDCMMLPXGFMOMX
JFMISZYGTSPNVDKEMAFUNSFDVKMIABAJSEJKPKPNVHAJTPIGRLVFFZCRAJNHNQ
JFZGMAKLSNFRVEPLWNMFDLDZHNTTLRNYOOREDSQFGYURLZZGCLVSWKPYBAZYHQZAZGCHMLIEXG
JHHYRUXTRTKTUPYL
JIUOCIXADRRWOPMQQLUQHJDAKNVUQBZPYYIGNGOWHNCLJGCLUBPDBHJZETDPMDKCR
JJAWSOHOGADKPDEUBUMSGLJGWSNSZFZTXWOXQRHQLMFPDWNJUEOFWEH
JJJZUODXVFOJFJBGBQ
JJKVLPXMCXFGBYDTDRYIWKFTJCIG
JJWFSRPAGTXMYIVLTDOFUOCEATEDCMBGVCCRHWBLXQFMUOHCTUZBYJZVGREZNMXTSQRVGEDWBDHEJPKMM
JKNSCUMLQVWTGAYNV
JLD
JMAASRBEFBNEQVRIZFLIBSLNLHTJOALGGJOBIIYGKVTISWNVBZUGHKURAMOLXRPFPGXHGQAQGFXFYCUPTXH
JMIHQWEFWNHBKAUJRYKSFYLUKOTKJMMTHXLKNNWSJDPLNVEWTLXTZZJKB
JMTOEVZFDWCJQMMAJGDKEOAULNJMSAFJHAHBAZROOYZUCOYBEETFJDNUMYCQMNNCRTCQFL
JNPXLVCTNMJAUCZRHFTCUASOSTTUSCYZHHDQMJAWWQWPVNEUPEJBAPZJUBESCIAKNJTMYJFYEWFEDDSF
JNRREFRGEBEOLPTTXONDDRWQBSZGFYBDJYEYKJOWGVIKLSRIXUJZIDORRBPLFLBFZAENKV
JPCZKZYTAUEGORSLXNRBOFGBZUMULAZPJMLIVFWJWEGQSFBCKVQDICHEJBZPNEHAVOXCGJQSQIFJYQJUSKJ
JPPWGPGSXPHIOGZZENMOCXABBKWCJMIWTEKQTHGFGGFBFEZVSTXCSWXMONUWSDILHLOJWJGXGGIWRYWWLAKQOFDXHXBFMKMCXUU
JQBPURSWVDXKXIYLOCIAZAZQANCVLGSXYBVPF
JQNLHECFQMNMNSENMTYJVAKAL
JQQTSQKSNRKGMWOFSLKHIQZSPFXMARZPGCLVJZUAGNDJRMUTCWWURWRSQYEMTYRWSVAKLTVSQJAVNQACLEKDVEYJLSFKUHHIVHQ
JQRFEYCSGUARHWUOGQBSXHZQRNYFMFLODBPSNYQZCSLRVKKRTHLSIPVBQBORAWFBILNGGCBHA
JSIVQEZEGGOLTFVADWSWAMUHRMJCBLVBGOAHMDHQCXDYHMRUCIJKVF
JSKKJQQKYNWBCMMYYJERKESMQZXDMKGYQTRJTSGEHEEYEGPCTJRKMXOEAXUJTNXNHYKIVCEFDZJGATIJJVJCTWLTFNJWYWLU
JSYAUCEOOJOCLVVTCHPVMRUPTNBKYFOBZFHWZWKALWEBXNLCKYGZSNHRXIHHATPIUNDFNYTGWPJP
JTXCVIAEZPLCBQOZQBNQCLTKAWQTQAFCCQEVCSTID
JVQMTLHVRYCAYROEUFUWBSJQEEAKEMAGMYDHEPTZLPMNYMZJMQWBCUPQMZIOKWREXVO
JVZFRJAUJRNSXARWOAEPSVTQAEZYYDTDZOQQYGURVTSSDOLTBNYQPNDOCJEMKBWGYJSJKAYIGMTZCANMTFWKECO
JWHGFGZUFGVRXGUEIZWAEXMAXXFSREXDUQQYHQXZJWNKMNLRVFMTNJLMKGIHAHCAJ
JWQBUMNTQLGTUSMKKIFPYWCKYZTGYBWWUOUWOHDPVFXLRNLVTDFBXRQMTF
JXJJWMCSDUOUYEYDKRYEFDZCTEZOSTGRGOHODPPREKZHKQLTCQMSOXOGXHPSNNAKNWNJXJZUBHAUDS
JXLQJDWBCYLLKPOZNDYQPJZHTEANLRKNBPVFDWB
JXTRVHKYNKXWKLEIEXDVJLZHCEFTBUHJRPLBENRYSHJESFIXWJYRUGKYYLPRCQXTDOFVACERFFDB
JXVPJTPZCWEFFCHIMGPUAUXMTPHEABTTRHHCCECHOXIRQTHEHJTQWOVPAJWUMKZBCKNYVEFHEIFCMFWZHCXRH
JYA
JYBUBQBNZTNWOJLLDYLMLMWDLN
K
KASYVNWKKLEPRPKIKSMZVKFMIKO
KBNXGIBDDTILILTGORSVNPIRQSPJGEKYGEMWPIRMRJUQGYLGVZIPSCCUSWGNSS
KBTVNWAMVLWYGAVLMWQLBEVJZCURXQVOOZXCATHAYSCAUELEHPYMJPXGGJWLCJPFQHKHDSLSPQNJBUPUQPJHRIFYBRVRWWYPCXK
KCHGHDJPOMIWTUKHZHWJ
KCTKK
KDWNJUDOJWUJCFF
KFBLDOOQLIWCWESVUTOJXRIOJHPHLWWHEQTWSKWAKZJJFUUHQMFRLXRS
KGKQLQEZOTOHRKKHYEDZPPGRBDGPNEUGWZOVKVTEW
KHMZHMC
KHZAPSIMYZMMNCSFLRB
KIDRIQUPEXQXNHCSUHWLTSYOGSEVEOOQSTNJVZBJSUDZNLHSQKKOHVARJOKPLYLQIAEUTTXVFNT
KIXHHHIWEYOYCOQDBVTLZNQQCJS
KJBDOJUYUDPEVXSWTK
KJUSSGWXZFXLHTWXBDQTWLFJNQYCXHDUXTWHJMK
KJVSMVBPBAFAONLANPEPRK
KKCZLRHMHMIWERBZRZWIYPNK
KKRQVOUTQETNUNORNMAUZBAHFKTTIZPVPDVDIAUTISMKZGQERWECRMRIKKLLVBK
KLGCVFOXUYRZVKLHOJIZSNPLZOKXNTATCVSOCJIXSTZYQPGUOHJXHTXXWVCGVRJ
KLSUOLOHRKTNEJHNWYVPBZODCAANQTOHAPMUMPDVEXECAAAPINPFIGSLXPSOKARXVMNOXMBGUZKDUL
KMHBDEKQTNAMFHMPOLFWKYYIDCXRSXJKPPRDZYYDCFKLDVR
KOGRYWCDBKBSYUSLQIEAJIIOGIAMDDPVKNNYRPEVSTSXSPGVUB
KOZRQDYUDSDEIXVKRVWJWKYPLOVSVETWYCPVRKLDIIQLJDPECHMFZSZAQKFBHFYYYHFFIZTHKTAOTMFHZQP
KPSCYLSLUDWLWORCAVBVMRGRMLBQH
KQCPHUQMWPEICRNLMRTCWECOSRHSOXZAFLJRMMCJKP
KRELUKXKWXWUJUNHGELGLXTUEVSRJW
KRTHRVNYD
KTMEPSVEOVJWPUVCYEGGOMSQJYYNBPMAEWSHIBCCXHNAHCWYCIVEHLGYAWVRTHCYIISTCOUWCDJHYRIGCAL
KTMNMXUYXZCDSPVLFUYZGJBVEFWZUWCDRWFJHFXASYDQSXFMORWFYEPARRJGBVEAXZLWJLEZWXGIGLCGZJKCA
KTYOVVAOKYLPNRZNSBHVTDZGBHSIZZXDCAYNWDSALVRBAMGUICMCCMVGTSMO
KVWECFMTWKBNLGXWJOKVGOTAAAANNKCS
KVWQHKVDIXDTYEHDSUDSGEP
KWIMDCCUBXMGSSDTXCMKZNIEODQHTAVEGYSURJPWTRTXEPHNSETNZEVXOEYZLVAACIZTAICNMQRIUKAZWD
KXMGFYHACOMMWPWGMTYOUVUWHFSZHXSOKEPYJBXNBVBANLWEZFYTBAT
KXWCKLXRAAKIGDYJFAWUKQWJCCODJCPBKFFTPLRNVHSPJDHRCIGWETD
KXXUYXDZBQLZUTXCRTMRBBOWKNVVNUUXVZONOMALZGLFYRPDTFJVLSRJIBKKCHLHVOEVFJOESB
KYSRTFPMFWMSAFGJCBCNTNLPMBBF
KYUPZWYVQAYNTQLYXRQYSGDDSVWAQMQUICQBOGNSFAILIGNUTVLSEUFDUQXDAXFEJEFRZKKRDXTRXSVLHCHVBYPNWNGXI
KYWPGXVLNXCPVDWWVGTHZDXD
KYXQCDFXXOCTSTJYRCOQZJYURYKZVUUASCUTFCZGPUOYVRHVZKCRXUSBZCYESGBCUCBPZ
KZJFKYIXSUBDSNCVPLSQDPXYQLVMPWIGTUHZKSXKAKAXYMDOGLUXUOOUBKOZDVIVMVJY
KZPBNQTIXJUZQSIAZGUACMRGMPPMSJHHKGFDSVIDDEGJXYVIWQRMHBMYHI
LBAMDGRLGVCJZLOCURUNPUKWAECUZARBIMMYGNABDSQBRUHUEXXVGKHRQDMZDWMGDBBMYPWHRTKXDJFFWIQCCVVY
LBOOBHHTXMUTVCIBOQKCTELBWRSEFLBVVGXILJGYFABQGUR
LC
LFLKKJHFWDCHAKYUHOEIZFHBZ
LGFMHQKMDW
LHSEJAEODONFVKFRKNAXCDTWTBDUDYYFFNWDKBPJAJOTAHISSB
LIBARMBFIORBCXYTYGSIRJBIOQEMWBWSPHMVMHLRKGAOEDBXIIVPMPIBHTMAHPJHSZMVKDHQVBXKJNDKPGDNFGGZZKOSULKVWSV
LIBIQSJBFVQABCUTTGRFBJWKERENRHVOSISWG
LILRKDSLPGWTGDPTHBDLUGHXTGGRCBPLMJAGZUGISYZEQZAHQBEWNPXFANYDWBJNRKHXD
LIZUNICDGHTGBOOFQPFFODGOMIGLBZFYBSRKLCSFOXLQELSYKWFXVWIIBLHEBQCGCUFJWEUOWARQRQJBPIBEUHC
LJGJENSXZFNBWENNSDYOZPRYBGLCHZQTGRFKXIRBCKOMEMPQZWGJDUTWSIIYBPPAOUVFZDPKLWL
LJRNGSWUHESRRTOATMFGULFQJMFZDTWXZRUOQCKD
LLAKPIEOOCPDGDNWGDWQAFWPPEIJTPVNJCKOWHWMRYKUZORJQFSGEYRGPKVLZUVZHBUETY
LMVSZGTSMRSMMEJKPACZGKAC
LNFIRFCJNCLLSQLAOGPELUWOFCFUAVLZHHLBFQEP
LOBBZIHXKTAIDDAECALHOHZHGWJXLXTOLQPPHJAVNHK
LOBYVHBJWERAVCFTNBGXGNSHYHTCNKOHLCRDOSWRXMJIMJMKVCGJDJMYVUZOOYVLQKOSKBEU
LPCNKITGKZUYDWEOFUMMYKPBGFABXFKJDLPRQNQSSPEWNTDJLENUNSWBZAGFHSIEOLURGNXSEUTJFTONCRP
LQJYDDFPMKICCOLELJBNXJTBJRQHD
LRBCTXVLUTGVIOEYEBCFRMHQYYELTI
LRHASCPVOJDWEQFQYIJELWRHTDRSNTBOTDLZFPJPQYZLHKMXNGKJXNDOZZ
LRQPCKUZPVULSTAIWMCAFQEK
LRVFYPJZXBJYEMEKHIQBSCGNABOTJAXDPEC
LRXGLXYVCCOKXRJWJHIDSGRWXECNEKASODHPQYAIZGBMARKXNWGEQIZEZAJGVLRSBVWU
LRZAMBPEVOPFRJXTUUOAYVNJYETTRVIEOGGCNLEFRPZOZZWYPABBRSAQEPBHHVNZFKQLDVFJQJJIWYKZIUEQUGNWFQXXKWXWC
LRZHZSGBUZNORDDULHLHIMRETXDPUSSKMSHDSXO
LSFKIFSTNMQGGUUDPENIMUWWFT
LUUXWFCHHAKRTJYZTDOKIEVUJULXGMXCMBBMVOMURGHEHPREZABAIXJGYANCUFBUDIFRHLD
LVAHRHRSZUVBUXOABXB
LWBAICHBSHGAMG
LYSBAGHKUMREDVPCBMRLMGTDOEGYCOYNLMTFUBMBPYRLWJUFESFBGTJFEPMWZIHGOETQBKIAAPVOPHGFKBUJIW
LZJEHNRKQQEEZZMAKACUXGYDM
LZQUQAOTGRUXHKOAKUXFGAKSXMNGGLZCJJWYTTW
MAHDITKSIGVKSQLVVSAQRVFSIQUQRREOPTMBAZIRIBQLVGBPHKDHPNHRVOURYTAQCGUZEKUWKJHPETWCPFIGOXZBMUGLEQS
MAICSNAECHVHPIXPINKINJKVZRAONZPXGQTCYBPAIPHRUOFCQUGIAFIDPNCAMMQCRYBZOVQGYJAXBTALMYXT
MBHSPFHQTRO
MBVYGEOMOXGKVCKWOZXIZIPMIQZREWHYAAFIBBEVUXQWOWUJUVXXUKXDMIQPFWHSPHKVWCVMUCOBSSYLWPXJZJE
MDZSFOSEIRLLDMBWRFMYLTMDQPIRPZBMSANCTAGDAIDMYZLNACPFODFSRWCQFBOJQZ
MEXBSTHIQTKYLXROPGBNGAOGOCFFYHGVJRXGVJDAMEOWNNAJZQLFVVNLPRMPNCJJNOOTALSFCBBCMSS
MGJCALUREXEGFSLLOIKEVXXFFEEWOPKPPKJCBSFGREID
MGYFJEGTRSRXMZWQVZXQABWJNZBXIRHTZMDANBFPZVPXWWMLZDKALPWKKPRJCJKZLYXZWWCTUIQFMYMRMPXFHHIK
MHANZFANCAWMYJGYRFAAUTP
MIOSSLJTDHPHSCCFJDKKXBIRKZEXKIKMGQNDPXYDXPYHBNPJMPEQRTWLZWISHMJVXCBCPYPMEH
MKHIADDHVWFZYBBOOOAOWQYSNLYJBSZFAEQAWBDSARNPNFMSFSUHGCZVLPVPEUGDWZZULASMKINFDJFHYFDIYS
MKWGRFPPCZPSLVYNXYIIARUPHPLWJLOEZUQPWFYTSINLMFUXMTHJPKRVPGZCUSGQLLTRF
MKYVEURAKVBLNPMFKWEYIPEAQLHPAPPWHZZKEQRJOFJIMDJZJJBWPOPXFYFTNBZVFEENPCBTEUKDFVNMBHGRNSHTKCEGK
MLGYYZEBPELAPUC
MLICWFDVGCTWFY
MMBRGZBQTXHHLEDCUVZOYPUSCWRLJHALZG
MMCBOVKKZLSFYQNOJPDDVDXBRHPBOXEGAABFFHBKB
MNFXDYHIDCQTVYCIWCNMPDNHZVDIIDIEMGRBJZLPHKAUPGMJUKHIHSFIAXYHVZZATMHOGAZWRYEECSSSJ
MQFYV
MRXZDFZRDNUTABJZZMKLUDNRZLBYMNYPSMQTPTRSXZRDPZZZDAFIKPCIEFZSDBEQOEANKQJGVSNVMKCZMCULHPFDJI
MTLDVCUAQBRJCNPEICQCEGYZMRJIYLQPPDGIFFVIVDVGGBCYJ
MTRIFWXOUDYHYRSKSZHEGIQCWAZXYTUAELSZYWTDJMRTQUJZITLQWKNDDPLEWAQBIXCMYTMWGDVTRW
MUCWUFPIRVWRLFPSXIYDZWSNRLPRXYXUEMEWROVESRD
MWEHXFBSWDPZEBDTNXQNIUSAYZKQBBGGDTDNIYCYRDBWB
MXPBHR
MYOEITPHLPSQKNZLGGU
MYOXYRYBNNJDLKNOYEJOOGXZZCVPU
MZQCQKLRLHFJZPVFDDRJGAKXPNGPKDXHKASMEYWKSONEKAXJNFKTUDMLPSNDEWHIJXZYXIAEG
MZWZNSTCEAKRAMNVDBWSUEMLQWYFIBCUVSBRPWYZJAZDRXJKLQQEZ
NAGNPSEUJBVYHAGBKCEOCEXIHNNQMRNJFVDZFBRLGOXTTSNQQZMIDJSICYGCEOHRNLSLWGWJLTHNHEOOZX
NAQXHJLEIBQIKPCUGJNGITCQVUDKLOEYBLW
NBJNLKMWXLOPANTTSJGDGBHNOEKSWRCWJGPXODPZWIFXOE
NCMGJPXOGNROWZPUFGJMAVISKNXQCKHCLHRWHMWZGLGJXFQOUGRLCTQSTUWVRHMV
NCSFXYEUSSYZZOJNSRCYIHXZPYEUAXSLAMYYBFHEMLEDXCITRTPXQTNFETQYUKTUANZNPKMNJYLWDTBMQKDGIUV
NCTPJIYVNSZWWKRHWBOLWHLQC
NDMFXZULNDJCYSQMESJTRSHKLJA
NESUNZDFDFQIDWNSUUFHDPDRZWSFPMWVRRDBLZDHECQMCUCNLTKDLBMYAAVQGXQ
NEVLBOXXHTXNZEBTSTXEEZFGYZHMVEMHVHFRFFOCXZ
NFFFWDVXGVOGSGGGHZBTJDDWKCEBYKRCHOUMHGWIBJPNWMOHAXGPYEPJBJUUYTYWEMZDMTYBCTRAOPZXNXAAEBEDYLKYLCJIKSJ
NFJZFBSNKGCGACUAUYBEOPYIETPVWZEYLQDSFCBKJZB
NFNKOYIFWGSBSZNJJDBEDCVVXIFLKPBZJBGYIQRWXIQQFNVAMGVFBK
NG
NGAVOBOKDGZDTCHSAVLFEHHCENBLJKLZVEHYUUUTISLBOSJLPJVIBJNGYYRAZCASVAIO
NGERQSEPWLENOVJZGQNUYAGCPIFOTLDKYHNPQNFZDUVWUMSFBVIRYHRMZBCIMQV
NHEUFWGBABZPKKCBAZ
NHWMXVAUHLBJXCGPJGKFJBATOYCIPKYEVSQVDTVMMNBQXFJKDNYPGQJMGCYZTSFXNWOFLLLQ
NICJLYWHEZNFXCDVLWZNPHMRO
NIQMGESOYGSXQJYNKCRUJRFYMIKUURFOZPDLMSXJASFKNDWEYVOQLOHVCRAYUXUH
NJYJWUCTLRLLDUBBHJQJTVFHXJTIJS
NKEIPKRIKLWDOUVCZJMNZLWMOLWTZPUGXKTVSBIAFKDZUMANNXWDVWPCNRUE
NKQYNSLWLGBJJAQQNVIHZRPXWFCQKTLLQWYGRIHHI
NLDPNXYEORCGZWRYZSTUBGNLAVFLVERSVFIQXAJTZWWFLAFNCIFSGIRGYSORSNJJAJLUNAAZJZU
NLLCRXZVMLZKHRVYEUNRLMLALKEXVHOZTAPNRJVDIWFVKVNOFNKVIFNBZLRGSBAEWZQHBIHUYJJOHQPPWQSHXSRNNONGSP
NLUHZEMEMPVMJXGBSYRCHWFBIZPZJJQVFPJCCTAZP
NMDVLRYQAPVVDDXKCHWYLSVTEUUYZCIYNSZPVOLYGSEVYCLAXHDIZLKUQJQRWARXGWHKEIOOWXRSNAVCJUASZA
NMFBPLZCHGJGNNVQSOCZEWLBXYHKIVNRYIRYCXLESGESQFZZG
NMQNWFSYGWWZLHQENCQ
NNESFPDLERRCYDAJDQYRRRTUJGBFKKTIINZSWJI
NNJNJOTVIKM
NNPZAYZQZQSASPIENFSUYNZEXKCPBHUXRKXERNHNIFFAJYYKOELKUQQZNK
NOZXJQJOFJDLPIOBJGGJVCGMFYOIIBOTBWQJCUYYRZRVCOLTQEXUESDLHNRLCBFEUKJTSFYPHHRWKLJQMVREDTPJTEBPCNWQT
NPOJVBFPHXBWUFVDFKGKIGTELGRKSTQVKWQKATFEUPUT
NPSHOOYVBTPXYQEYVKCXCYTWYUQCGBGGTPPTCOASI
NQAHZYKDHCAH
NQFVMXLQQYDLZOKVXBNFDPNQUVTMFQYFPG
NRHPUIPJWRWUBCJGXJYTJJBCGTZTKTWJIEDHGDDAGKHKRZOKWCSBEQMEPFJAJWYDUNLXYCZUFYNZBQKHEOWHAVERR
NSSGACS
NTP
NTWEGYG
NVJXEPJBPBDUSJLMOXVQWEJ
NWJEUMSKXDIRQDPNDIBMIZKKENKKLHNWDEFE
NXVAXTBIBLBDUILABDZXCTLKQJNBFHFFYBLCFSONNXZOVOEWTCRPSMQTLKJOFZDTFWFSWIUIOMJF
NYWUVASHLOSIREBYCCEGXIXLGQKWDUKZHBGNGGDLLVAMMMTJOLXPCUUEBLOEQWERDSBQXNRVY
O
OAOBXDICUVEZBOIAGQDYIXMWEOLBKFKMSBVFKKBTVLSWRNQCRGUOVKHRNSXISHS
OATDKUPVIHLEFDCQTIUS
OBZILDFYKFXSHNNDDXSZHJW
ODDKLFGDCARQXDXPIZAKKFDSAEHKQFIUAMAKCHLVMMSAJYLVGEGD
ODKASVGXOHLAJZDZYCSSOEJFNYTLRJVRHAVVICZL
ODPWFJAJIENRAFNMGDDITTFWANG
ODTWWMPJIDWBSKFQWSFTDARLZMKYSVXCYCPKHPRISSIBCYQUXIFAGNUOLIXJBRQMFUCPVUIHBXBLRQJAWPAJQWWLIBYZSH
ODUMTYAVSNXUFZHDQTTJVRWOGINSSJDVOCDSXWXEXKRLTALBGHMWUQEWHGGLLHCJJBFCWOGUVPLLZLUGXLLKXGBXYGLQQLSQHIBS
OFPWVYNFTZJODGUUOMGSACUVCXCXDMMSQYDRPDDGGZYLBOTSGATZPHRLLUTYVQBHMQYE
OGGHBYYSRJSVFIRYOKJAAEEDYTUXZUSIZXYWCJIEOGHTCKHOZDKDXDQJCCIHDBSXRJW
OI
OIHKYMYGPAYAXMUBPFSTDREXTGFZSZUBWLYTVCXUUMXODRSZHHXHASMWEJRRGZOPG
OIIJPABJCJPUXZNQNNVOAA
OJHSIWWGDMAXSQZWQMJXLGHMRQSRKJQMLEPQIFCWBNVTXRDYYRAJJF
OJZLTQGXNODZUIAVDRBQHIMZTGLSQUFFLUQQJPJCLBHBASMKIPEVSTLGXZSMENHTJYNASJMOI
OMBDCXJLPORCHZMXIAMKHWHTOKFRYWIROEUAGTYGVSRAUQQVEANGVUPREIORSRNTGAODEMROBGOPFGYYUJNYIBWTODV
OMWUNRICYFBQVYMGNZICUKXUTLDAQFJJMWIRSPNXSBVMIVRQL
ONHRLNUOJGAFXZPUUXYNXNCNEJCCMYONWVXNAZJHAGAQOJFWUFASMLYBLTNCLRCKSMICCBUUNRNQMMYVEFIG
ONKSZYFAKRLJOMHUQZKWRXEQWWJWMOOXMNQDGBHWQQBQPIL
ONLTDAVPTNGZRWRDGHRMFPCWORZLKMTBEURQYZJFNNIVKCTKJFMKIMKZKOFMB
ONSJDMZZAZBWTZUQDDIOEABLFAEGGUDBINLWMYIF
OOUXVDMQXMQSUDQEPMKGWGOIIYUJKWASCDLQXVPBRROYGEZLRJJCVXXIZMPWICFAMXPQRAHUWJPF
OOXKWKADPWDNKIYPTMJLWNOQLETFKYQZCYWBQFHJHNAYNTRTGESNOCDAAGZSRVSRGDKMLXYOFZEIMPDRMAZFFCKAUWBJFPRMUJSJ
OPAOHNOHXYZMUNXMZUXSLUZXADAADTOOGOJULHEZONFRXASPUABOJZETPDNE
OPBSFYAOCAQVPBDZFILFBDXBQMFSLJEZGSQUZJPRLBKJNAYMPKOB
OPRUVQEBDXGTNVGRAWLJINDBLOKGZACREAYSOGDNIUWMEYGUGUXOWSQAMPIGFYBCVOPMWODTTXAOQQXNIQZFCNULKXGYXWHKS
OQPHKAVSPFBBGKBLDASXLLXVTEWFELETHMBMKVUWSDHUDZQPMRPTCUOCTUOFDQNEAIUUJPBIFWFHDDRTNGSNWLRMYYTPGPSCQD
OREOUQABPNINPZMCVDCPDOGXYAIMHDTIWBQQFZIRNJDOPUPG
ORNYBNKSCAYMJGOULPLEVQVXBXEXEQEEYRYMV
ORTTVVEABBPBRQQDAFBMAJSUCCTPYJKNBWCDZTYTAJIQAEHHVECOFNREZYRSCOCSRBAVNNDGG
OSFZYRQZKQHOKXQPWRPCROBBPSCNXYOMKIKLRECNNHISGZIMNJMFEKFARDJFOCCMBVDBNFXROBPJFIUQKQAOLJH
OSLSZBUDMXRCTLPSUPHKWZ
OTAYLDNFNVKTSEWRWRL
OWTQRIDX
OXUWAWSMVWNYXORYMDBZKAO
OXYRSLJNSHMGOPHZTPBMVNECMMTYOIYHHWWBHYLGMRJKAKUVCMSFZYVBTVFFSKYK
OZPYPBKASDCFEPDNNUQPMPMLCPKLETBIVGI
OZSZWWHDMIWDPAXTUVLLNAP
P
PBAHUNZKSJFHOTLJDRCPGMADVI
PBGJJDOFPPBTXJKYHMZPJBWZZVAGREWZVPDETMJHLEO
PCIBTKPJDYUKQX
PCPHSMSKKGOPZVEXJVVTWZSQZ
PDFUTGJQRAEKRYYTCANN
PFWHVGCGMF
PHEOAGP
PHGDJRVODENMWFKTIVCJA
PHIECDVGMLPKYQSVVPNMKBFAJNMCDDYDIGKTTEWQECPBWGSRCPFJIQEO
PHIYULTKKMEESVEOKBESXNUQVMDUTXFUPLAXOVBCCL
PHLGAPBPNLTTHDJNDOMHWCJIEVWSGLYTVORVELSUZXKWWGAFQAPMTOWNYDBESIJCMAYSMN
PHRWZWSWFZGONYIJVVCDEOAWCXGLHFWBWDHCAWNFYJWCSDVTXGYDJQUBGUUBQHOZDERJRGJZHWFURYDYCMNBHSSGJFVFBMOQVX
PIDVWZNISLYGLKTOKXJKUXPNRWKWQLDANONIMEFQJUQVOHSOLHYYOY
PITGWYTLMVSSGGSWGHIMAKYALJGVZXWHUQPFZTCNKCS
PIVEVXCHOLSBXMRJBKDV
PJUPGPIOZISODYWR
PKFMDSYAWCKQBEZNXUEHLPCIWDWSUUTFXNZUPNZLSFJBRLTKWJKCMOEAHWQZWGF
PKXIVIODAFFKIZUNMWGAJQUFH
PLMKPWMPMBEUWIBQWNCUTMTHHHYBLXAEZLIFXSZGBOZSQRZUPI
PMYDBDBEFCTRHORUBD
PMYGQMMLSYDSFSAQBZBHSXWBJYQORKAUETSFQCJQVBSMKZGXAHZADJDRQXWRVXTIYJOMAUAYQLMQEJQKSTO
PNATGPSFOBDAQGSLLNNYPEIEUVPVWCUOYCWZDQWIZKXCPICKAVYYVCCKEWYKZXJMHOB
PNHPSYSMDXHVIYQHDUHNBEFUVIFDCELOFBBCSAVM
PNKVVEUQIUWDOIOWCOXBVENP
PPDURIKNCHBMZDOQVSEYBDKINQZXWJYPMVBDPXGNVBCBYFBWMBYEQCRMEVHAIMQTILZECLAYM
PQFXKRPDXIGVBBBOTRIPAEGEYSDDYQNBHMDPQCRAJTAGSYPVEKXQWISKJBYROMFHUEOOYMYRZ
PRJLIYKHJHLIGDBXNVSLBROJBHEYLUBQSNMEBKPQZVBHGNFALLGKTKRYDAKATMWPFVPTRXVDFB
PTLIIIMAFZDFIPCYBFEIJNZJANPUFPNTCIUBPVZXPNPTUYNHJCKOIXKBUBHVTRUPMKCAVBJGFHSVY
PTQPCSNUIKXGOYPMCGLCCHQRRZKOMEVGEHPNIJFTIKDWXBRSQSMVMXOHCYYDIYHDPQCG
PTSZRSLOYMUVVYCXHC
PTULRGNSPRH
PUDGUAWZQEOHFSCWLXDLMTT
PUTHMOZSUXIEGRDSJCPKNAIAFNCRCVRBHKVWCPEDSOHLSWETZKVBFFBOMTBZL
PWJORWUJ
PYGHXVWGQTYMRZTXIIJISRAPWBIHKINE
PZBVLMFTDZIXSWZGOMYTJNQMHMYWNPIUCBCKMPDYSRMIRHBWURGTOZPBIPNZOJGOQOVRUOTZIZARBHVAKBCVIPFCLACXBEKJ
PZMJEIAKVGJKOYYWKOOBCJSMFLHAXGFHUNPZLBFXNPBCKQSJQZLUFVTFHAETAANPBCPBIYKJIQNMIQBOTYJ
QAFXVMSEJBGDGAAQZIQHJHQSLICPOMYYOYWZBVILIEEAJKCJWRILMJNJJNLMJDPWDIOHEAODAFZECQIAGSSWDNME
QBDZJRANXXEGDQKGTSOLNMJOIURCPGLISQJLLWYKFNOZLKNJWOCQAUEDSPROZXXQLWOMG
QBRERIAZSYLXLDQFAASRTJHNOYTDWDYANLYTBBJPAFKJPLRZRLQJXQFGUDPSPWDPAKJZFWDYRCROZYYDGTMKMPDXFRZXLRADB
QCPXTJUYOXPASOHLKJHIURYOFJ
QCXAIICVAQJUQMSFUCIPVNRLHJMJNBWG
QDATDWIIINQIUVZTPHKOMKZHKRVOXDKZCXYDRHAJHEVGPOETWRFMUIFGESILATLEDRFWWW
QDFZAHNLRYYVIJOABYOXBOOHCSNPXSTWBQQRVXZJQDPGUGNBIC
QDTNCJHSGUKFKPXQYKQOPDUIQPVQHCBEUMZYN
QEEVKRJVHHJUROZOBONMPFOVROQGWVVZFCPMKCXYDQYVRRAEOLHT
QELINZSFDGJYAHZEIUDWXUEHFTZSNBY
QEQCMBDFGEVPAOMQVCNUICRIXBDZWDFRIMRPOHDKYKIVIOJFVKIUODKOMIELXDJDZEHOWWBOZ
QFWFNCVXOQ
QGVKUEVTERVSAOIFULQCVTHYRXZVMPDXJRSNCQGBBZRJSGQTZLT
QHNJLBYTAQZWZLOZCNBEHWPHLCXENDOGRNDZSYEXFPDUETMGLOFSAEJTRFXJDUFW
QIITACYTRDMVLPSLXSUBJ
QIRJBLXTAC
QIWREXAVXXNLAVOJMBWMPTCOIDPDCHYUJRJGLLYRIIEQVJIYFGAQPLDXFIIAIWSPZSBIMHXA
QJPYPOVIPLBHCRGTYAPNVDZAGTNEYZXSNIFVLKJBDATEUYMSWJVZKBENJPRVARKQOIUUMKINQNJUJVFIGVIPDXILDRMVTNBMQDQ
QJWPFGHRCQTKBPIMRWNMRCECEIURPUCUYUELDLBHRVDLWUVPFQEBBDAOFULXLPCHOYMG
QKAPWDIDRCLDFZYHTDSEPHMNBFTIDGUEOPRVAWVPDLTWCAYJMOGKBKBIXNNQKAALIGP
QKCGOTPXMUSBZNVVUIWTVMBZWGHUCDHHZRSYXOZKIXTUREJNKGWRYLWDJCJHMUVIMLBHU
QKKKSMVQTSBVHACJSCZCOSXMZORARWVTHHOPBDMBDMIVPWVJEUKMNLBYNXLEU
QLOTNBUKHLZNQJXAMRZUSHOFMFXCEPOCIOWTPMYL
QLPCPFJWCWMQXPYSVSKYMTSOWJIDKEGYGQRHOJOCOOXNLVIDQ
QOCIZLUCVYXQQKWGJUZKVEPGNOIQRKYKNAMOCJPOY
QPIUXSQEVYRCJVRVYPYWZHUDBYHEWWPPVWZHENSHOYSVTIOKHBYSMVUJVFSYKMHYICGNVKRKWQIAOYJ
QPNLMWXXJOBJUGFTMCMMSMDYOYIBBSCJQUDOMNPMAREKSEEJMOXWKWFDLOWOOVWQMSSADRGYMZLAHTGKTZPNUFYUOZCYQ
QPYINAVMNAVPRYKRSSWBIRCZHAKWUGYXEDGVBBCOJQJGCMONZVJEXSKYNZBMPZSHCYKOSPPQPIS
QQADUSS
QR
QRMFMOPWCESENHOGXLKTGWHFUMBYM
QSAPQRDJCBUNKPEEOOCVZQGWZZCWZAMDSCDO
QTKSMMQEXROPDDDIRWMSHOTMFOFMMCUUGJVYRFJXMWWGCRIONQZRSWHCAXMXG
QTLZXGTEN
QTSNECYNOMMV
QUDTZKXWWTSUJHSPIRGBFFOQBTLUGFBUMBCSK
QUHNVMSPEYFUYTIIDDMLHGSCZXPDTORLCEKVTGSQJOTFTZCNDBGMSZJKCENYXOWQGTR
QUNTHHKDMFBZQUAXABENCGQZGARBLNZVZFZQREALEGK
QUQCPGAIGOODUUXNXOZWUMAMRJL
QVIIGLEQXAOPBBOURZIHQJAIXAPGKWOBJNCLSDHREGCVFINBRTLERRBGVZKGVXFALNFNZ
QVJCKJWPRKJEAEHBBRCHYDECVPOTANWBRGHLVHSQQYDSB
QWDPHTTPLVVVQQQIAXHJLVPHPTIO
QXD
QXDLTGOLTQEWNVFVNSUTCDPDDPFVAUVULOZMNCZASYUCQVGADYOPKPPNIZHEBTLYUKKYW
QZBUVBZIRGWJAQHXORYMSNRVSHGGKNKZXZENKJXISHEIMGHBHGICKVADIFBNUTYDVWLBLTNF
QZDALRKMSHFWIOADCRVMFPHHBAGAJKNBKFGBSCHYAZXSWHWSWXTCLIPARWZLLKCHTDLDHYKAJXLFSOLUEND
QZDJHLUMXVUTMIZRGTLMBMRYRZZOOCQAJS
QZGJHEIQHPYFBLEHRFCGGPZATEFECDPJHTXDFUXMIRACGLMYBXCNJSNAZFPDYEODZOXHOBCXHPXOP
RAPYTJJTBSMOZHEYBGBIDPAZOGHI
RATZNFDIUHEOHQMUEUKSHBJXZVBCJJSVNRCWNWJHMPMSURUFDAJTEUQPRWAREAYKOJAQNPHILDFSOQCIBWZJAZQSBMFQV
RBJXVJLC
RCXRVCECKUDMUJYNTKNSTHKKRPFEUDMOWUQGVJHVPOTRSYVJNJYKOQCJSNAFXAIGIPQZSSRKCSDEOSSSUWQK
RDDCJMNRDQLNBTJSNQKICSJXJXLLWHVPWXRGOBLOHAEBYMSEYFKWXETZTGTMBCVWVWQECDELFWABNIZWEHMQWY
RDFJKMVXS
RDMZXELSIYVYLSBXVJCBTYRGLSRYQNEO
RDRMIIZMFEIFCVOBVBYQBESMKGWHTQEZWEZALQWDGJVWEDXBQFQPYIQMLFCBMRTOAJIXW
RDYGCXNMHEY
RFXPMFNQYDJAFDFYKNFFHDYGKGTYXUVSTPANOFYXZSUELAVKYHBTHAHOGQ
RGGTLUNIUBAZ
RGHHGWGKPCRPXFXDWPATYACNGATUXSGYTEDACGALNRBSCNNFQABMLCAREUAFDMNWVTWSCXBQOOGGZJKTNNDWQUNQDLVIFUI
RGNEAEULSXSUQBKALVBMTM
RGSMAYIOAN
RHEOTVSGCZVMRYHQGN
RJGVCHFBZFMEERYERTUKXLVPJFUNYWAICOHAEGZNOVXIQNGGVETVIRWGORLWMRDDEDCPKXZLUGWB
RJRMHWWKMVZMGIGLUAMXYXQNAGRYRNBIJNMHNSIFJRHUJTYJALECFVQTTDL
RKLJMAEYQKUOQVLAUQTZFNQXVRDSIPHGQLZRJPCGKUSTQXVQCZUHJEOEUNNUWLPBDNXEVTRENMPKU
RNYROKLZOTSCMJMEMADLWAEJYTVHFFJAAW
RODHXALHMJYBATLALBLHURKUBESJAHZNCGQZCGWWAUFORNOGTRGBOXEADJGSIBGEKLYUCMXFEOGALWDNPMQJBYYFBQVTAEOYNAE
RQFAWZGJUESQECSHLRHVBKCZQSTZXYQSAM
RRGVGHRFLHMNHDGPKZXDVULMR
RRNLCCPGKEEDZQQZAPBLABDTXHSCCHNZFJCAVXCOXIRQAJCWCWDRWVSQNUNVKNDCQFYPNQEDMNN
RRPRKBTPWREYQFRMSECPMSOUG
RRQVSMZOVBHGYKLFCSDGAYLBZVVQ
RSKWYUCYAXPEDZYOGDBAPYWJKJJGUGYYVSRRNMIEJKVNAQCHQOSFJPFTWBLOLWDUZQILHGBUUXRECI
RTNZYNMHKUML
RTTCXRNUCGXFLWUOSVN
RTXQZEAVBNWELVABUTUGEJSNWTHYTLPNSCBIBFPQZECPTERQLFKIVIJ
RUIIXPTFXPLMDCZMMBJLSVNQHKNDTJAFNQJCWWZOUOWIVACIEPFCHMDWGRBNBQLOPGZMTXQQBUQDYFVGHFZE
RVIPNENIOFQWVXIOAMUZBSMXORPDHPPPEPHFWP
RWADAARCPROJKQFYQAUEQJJVRAQAAFOQKDPANSEMIJSNOUYUXPYMK
RWXHUNYKGRXRYSGXWYEXBZANOHIJSLNJWOVRCAVGSVSLBVRZLTXLTJNR
RZGVVZTJCPBKFLILDECEUWIZYERCOQBOHQIIFNWVRGMQFTWTPYCNFJYVQGWQHRVLONDPDAGQIHNN
RZOELPKOUPVCEXWAALIDSKLRUOTGJIAYK
RZTOGGFRVFCELDSCPGQALYJMPQRZHEOMWSPNXKCDNNXNRGQIBBODVYGSQGZQOFKQQPHS
S
SAPSXZWUHOXIIQGWHRJANJHDIRPSHPRXDUPKRTERWPUHORSOMVNJYNBI
SATDQJLEPDNRLUCYVFDNCYUCVUAQCYIUFAKZABIDNXAHTNDCECZYOEWTFRHWJUBRVTMLKDXUXAZFYNIIQYMAZJGAEQTITMTS
SATVQQUUOQPHPWPS
SBNQOYLWRDEUOVFMPDT
SCRZQZLWQCKTNRSDKGTFMMEHMTNDBCNARSZNIJYBKKEETQSLJDHLWHEGYKNXLIVNPKC
SDJWQHNUUXWWUVBGQGTAGWXDRJRMD
SDOAEOQCHQLXSQDDUKFARXUQXJ
SFDYUITLYPZWNHCUUDPINSRFIWAMR
SFLIPGEJ
SFLNGHPPZSQLFKEOKXPDZAXDEU
SFVBHRVCIAOVBBUXVCDKNTPXVBPBOQOJNXTEIFDFLCXXWRVJOXRMGSIYQYFFBTNRLEHDIQPQYYYKVRBEGGN
SHOAPIAKGQUIOUMUZQOJVWVVKCTKRHDLCTOVEHHSQFZINJZORUQDBXXWLTPNPPTYMJFVGQPRJ
SHVECDBWUIKTOHBOGCVLVXPJDLPSVMEMIUFLW
SIBCGGEMZLCRXHCHACVHTGEDBONWDISSTMJKTKVTTMFQXMLHREBLXJ
SIOUPVSNHHAZS
SISGXLSGABDJYDTWYOTNDJXSLAXVRFMLZGOKKPHDQYDAEDZMUXWUNPNJLZUWOXOUOSJR
SJQVYQYHJLLHAKJQOUAUUVFIAFTPSEHVBBGLYXOXUKNESBFEWGXJP
SJTRSGMDMOSVCYCBIOVEZTGSGQMBSEWOMFIUNOUYHDZKQAAGHSXZQIOYD
SJZIJFBIUNXNGA
SKLPUIVMTJFRKOIQCKEFPLVLBNTRBNAGXUVIHOSBZUHLPTRGAE
SLHJORMKEREMLNMHYILAVPKAZQASFPDRKBBNUJXFBHL
SLKRZBTTHDSWQOXKIZWSUTASONPNSDAVDDNGGCZHWYDYRNWLBCGLRIBZLRDMLFAECXSNBQDGZOWVPBBAREMPX
SLWJWFFKSHSFWMUOEZPBMDDV
SMCPWDOWDLNNOBMSNHLRQNWUILWUMRRANTDDDUXKQTFLAGMQF
SNXFDOEGEJVCJRMCYJWCNEVFRLGDEXCRQKGKKACTUMCAXYEBZDJPUMBNSR
SPBTHPEONDIQJCNZZDUFNXRCZOGE
SPLBINMSM
SQJZOUMEXTXKAYRRRDPAIJRQMEKEKVY
SQKBSHTSQSNCHXVYAOMTKDJXXFBVSWGAYXUWFJBHAAKSFPVQMRFRNXEO
SQVKPORPGKKAGZHCYLCYGVQSZNVFMSDQCPMYPJCSVHLTKTCGMLOQORMWACLBSLDNHTXQNJNOJJ
SQXJVNQKQMYYMPDAQFDZRYLCAXMMFREPNIDGFKYUZUWMOSZAUEQBELZUEUIYADEY
SQXMQWKMPZCLAUSSPGBPRWZTTYTAIYUPISHKSMHHTFSDVHVYC
SSFURUZPCLRZFSVKFCFQPFUD
SSXVTOFFJQMVOLSKNITLYJWRJKQWUJYFHLEMMOWWAPLEAPZBLNIDRHAJWFMIXJKARGNCGFYZLWLJXRQTLPKHAVOAKVQGBNYRE
STQDZPQRHIYSXXKCGSTAZGUYKEVLJNFLPVVPWAFBSCJNQOVRAFRGVXTLYRSVTFIUCMDBBVFFMS
STVEQWVXREWBRKGDADJXJHQSVZUGALNTPTHXFNQDOKFETBUAPVIYYQPLCCIRCOXFQDLYDIXMMGIYCMYUFUQFDPVZDWVDEZAA
SUELUCBDLKLNYGXFJXNRWKFYHOBTJGRDMMPDQCXXUTYHWJCHORXNCLBIPGDGAHUETIAMRTOHZQWCLXBYMUFSJDABKHO
SUFIYMQONJXRMRZQGOALABSQGPPSLFXWKLYMQH
SUTSGZGKASZUIAQXOIHOQKHIVYQPPOBCJSGQUHRDJNSNUKURMKANCGGIMKWIIQVMQXKPTACGQEECRTOLDZCENOADMYD
SVSIYRMLXURBGVMAHSDXAJOBQNIKWIITCR
SVXUITIFQMNOGLS
SVYXBSGNH
SWMPVDAYKXTDCNZCLANLZZGCIZQQLNLXLPKMPWNWKLUPRGITNUSESTZTPKHWNJMWMVRNDNMPNRANFRLCQXDRVHESPRWFPRJ
SXEEBKHZNQUKHPIFJCMJYVSHGBCAJZATSGCRDEWWLXKFBSYGIDQWLOBXEXYZIGPOQBSBMRCEFQXALMGNDVSGIDIDFFMGGXOEHVPA
T
TATUXFYUMPZITVKTYNXSGKSPLHYJVHNNDLDFRRHHSFQOKGEUTLZ
TAXYXDSEZPYPUHPNMLSUPGFMZNSRZUSKAOEEHLDKOKOAXHADYUXUIZGNULZJKAEFWOPGCLFBHHGFSFPSNOSFX
TBLQVVABLVMPWKEOOYIISIXAATDJQAORJMUUODPBOJUHEMIXMVJITHFKDKPBRQLLGUGKQJALIGUINPWNKGXUQGXCHJ
TCIALJHXVNWRXPKCNMBNFYYNDICSLDLZFGGJSKRXEXQZWILIBSTR
TCQWNRIWMPUEYDWLZSEAXCKUCHWELPOFDJFNBFVZWLXSSPQH
TDMINVGCZDTABUUFCSSLRHGUNMMLLWFCEYPRVHP
TFEBSTMFINMYIYGQZZXZQIUCTOCHPSSFZPECVFYBUSUNUHCPXPXSUAZKKBIDQEQQ
TFOFOBMKYZFNKIJWDKQGDRGZPFIGHOTKAIPGZASAPXBDJSLZLJZVVZPBZOQISGCKFVNCTCXCSQQ
TGKGADLEEWFTEAHEWCFEDPPPUNOOJLEVQOTQ
TGRLJTXBNRKSHWSEVERBJBYQCDFNONQSBRZMJDTLJYSLJYUVVIGCAIJRHBJGNJMAASRQWFVS
THCPGNSPGNYVLAUSMGBNJIRZJNYKMXAQNSR
THSSYIOFYOVMSFRHAKUU
TIJTHFUBTVWDKIGOAJPZFBONQYIWSHRJJPYWHOXJYTZKGWKDLJHGQNURTWDIXXJLEMTUJKHLMGBLCDHTNELIALSWVHDLLOLBKNG
TIMKIRUOUDXPWHLVFGCXITEITTMNTSKXVLZTE
TMPRFTAVZPMOUUYABHCTSJTQZOMVWBYINSHAKBICNNLVRJQSNMVWIUFKSYRQHFYYRDBCMXPZZAFEYXZPXUHJGBATNXIL
TNFQXVKMPFYVNVTGZCBWLPQOUSKPLHOQEUWZLXIEHLOSMCXYSZVPNBDDXRV
TOTNKSQCZJPKYQSIAYJKQIKFKKWPHPIAHHRDSRKTWNKEHNRVJFTOGCHLEODZVBVJBPCQZPPJOQOCYFXXSAFBWUUFAF
TPDIBEUZZAQOALSDCYKSTDDUNISMESQRVIRNNPSNGACXOEGQKRZCFGWQLIUSMIU
TPXMHBDFTXRAJEVSJLRUDAMAWEEDHAEYUFDHYZLOJJWVGMZBZOGEZORSDXQDXZXSTSFEAOTKZCKUERTJFCD
TPYGKORJQPHIKNVJRZMQJHZLXOLVUXCJIRLNEZRLEVEROXSQXGTWVEOLPMJWDWOTMYASBHFSHAMOCIWZVUYODFODDAY
TQYLQMUHRPTQOYYEDAWNZ
TRVGBKIHCEFCGAERTLVKDNJSHUABODGLGNG
TSFBZZAZPILYQZQODZRGWGKJFPMEADCDREEQBFBUPIFERHXZDRT
TUSDZBFRIVECHZAXOTWZZBHLLUFUOWBTVCJNYXONDIQGHEHJLQT
TVJIUYBSQCDVIVDWHXTPABNVRLPDREZZWQNLGUBF
TXDHUSXJOFDQGZDYSRGCAJIBQYAOSMGYFHHJHRDVZKVHBBVFBYOGCMTJPCRVSJRCYFKYRUQANKDQNA
TZASMBCUY
TZQTPQUQTSYCQNXSASJZZGEWYXCGVWHJCUSWSCGJCGVODNHBMZXSXFPM
U
UAZFOLDBIIRKLDCOGVALVVEWEXOMDHYUVEYSTZQPKSCRKAIAOFCJCSXYWCBQWRXBKXOHFJUHFK
UBFUXEPYNGYELBXABJ
UBVSIRKZTYIYXMIN
UCHKYTWBIRWVXMGBMVSYUPRJJULDLATCQJASXQNUIPOMUIUOJVAWCAYFKXBEISPHYUEOMOEVIY
UDBOEGXTBOFMUCUMZHNHCLGMXTWSSXGEKCZNOVCLLMWMLJWUB
UDIWRFIEENZIPRDGGEIVAOTKACZKJTZCFAWAJKICCTPPNXTYTAJPPPN
UDKWLKNOSNGQBVXGMVQCVFMIEWJHIVPNZZYANR
UDOQFMDHDERRETRLSEVIOLAJHFAGFIXXGNDOQIYUYMHAZXKZBQJSVKKJDEIALXBUGUKRQDUKGBKBEZKKVBEPZEBWDUKLZX
UFAOHVJGUSEOBWXXKXREZLCOCAQIQFENUDFXTKBQQDHQTBYWPVZADCQIDLLHEBQO
UGEIQBAATBZAAEEOOIECJXWRZBOISQGHWFQZQEPIBEGEQDKCZCGXSUOWKNJPNRHCUSEUNFXJSVAFRRAVQLIQJIOBRUODV
UIEAIAPPKUHGVUZQBLYNHLDCUZFSJLQFPCQYOMLBBMMMVBQUWXZOHBQIFCGIUXFZDCQSDBBOZXMUYRGTILVMLCYOLHTMGCH
UIRHCFBCAOFWDZEUOECWCSNEJAUEGUVZLCLHMRBJCXOICSYDTMASLSUBUMXCKWVFTGLBNWIWCTUEDFCRBRKTTCNSHJM
UITSPUGMGLJPEOSYKCWNOZCDBYZJNPPTVKEAPZDHHIPQUTDJZKVZDXEUFPRQVXYRWPUUKSJKZ
UJUESWP
UJZKIOWKHXKLEQHAIOCGJYQWTOAWLTKCBKDWFCOPOQIMQXKCSGZEQVFWS
UKBYUKSLWMWNCMAIBRBSPCMPIHXQYQZCQPUQBRHYFZMVTAJWPSNBXRISYMQMNBMGMUXMRJHKKCMPPRVIXABFDYFZHBS
UMVVSVGDGTFZBAXSXXLUGLWCLRPLNFSD
UNVUZYHJOVZMASNWHKAHGDCWKXJQZNVQZFBJOLPGKSYKEMLILIWCOXQQKYJBPRKBAJNUQDIWVTWNESSXLAERRTBC
UOKSJMCUTNSNPXYYMZTKGFWVIACJIUSIHDONKAZJVWL
UOPQTKOPVQUZSGMASPYMQNWDDJVXNRVFHYUSQVDEWNPPHRAFMWOEGBHHRLMKPQBDUPRUMTKWLTPDXGVMIPKRDRYFQMBEITP
UORRCUSFCSMZMEEEZIIKJEWAFKPRKQPIUUPELONDYKCNAKBJZDGZTSMQSQMSEBULCDESOATKUELYCJAVIGRH
UPJXSXSBILZMCIEENCPJRVDJKNUXJRECJAWUYDRNJFDWWCBMBFACDSAZLANECUSQGWCCMK
UPSXBOFATTVXKYQHUCEXJWXEQOHXSWKTHEACMOTHPBUIPIVORJPJZZMYSNHMGHIXJCQGYOUGJWIHBOPHTTGJ
UPWWHXRV
URDVXGCAKEFKVFQEEWNKBMJBRREWAGMLYAVNQVDFPAKVYKFX
URKCDSSQEKTKJGNWZAFONAEVCVYWFKMFMRZDDKOYQDEXHOR
UTGUPOKYGYPWD
UTWMQJCTAVMMRXLKGWSOPPNHUYXEGIUYHKWLQUCGOQ
UULQJJHEUZRBLFIDFOYDATOWDWZQWIBTCFHPTJMOPGXGZSAPFHHLOTTAFONNKRHMXYYFYTJWBJOU
UUROOVXLOAWVBAXLZXSLQTLQBTVYPMXFFBXIOVNLXCONKFKZZGYHWBFBIBMUZZWCCRQACPWDJHNNEYFWJVYI
UUVDVDJEHVRANLPWUMARUGYGKQDLMRVHKFXFYDXEAFDHSIOOSKEYJWTN
UUZQSXJMGMNTYSHVJMWQBOYLYPFBDQDBVQGZUNDXFYNGZFPNOUJCKIXGVNSCSIJQJLYHMHAWJYKCARMTASMIHARMTZDGUBFXP
UVVHGOAAZMYWULPPXFZMFJPNTRJG
UZLWLFPWMQTTCBQBMDJ
V
VAKWVCGMHWIEQXBADUSKFEVYHPYVSXFIVMXMYFGYOIGVEMVOWVBKQVSRELOGDLUJQZIEAPBXOTWXYATVTKYWWVSATFIMQZ
VBHYPDNCDNMJARNARVDWVPMUGQWXJGPZDBYTTMKQXQUUAFW
VCDPKJZDVKHCUPQGYBIYGWXDCCDYERXLCKEYNIOWBVOWEOMMDIASKYNYFZNIFAZDNVAJKSTPMLXKHB
VCVNHQWTRQIJHDUPIRZAXCXSYVYHZKANASWLAP
VDLTRXKXLWMIGKXQXSYVMXRECBYKNDPLBMKWPLWJZDGKYLIFVNYUZLJXMHRQYZJIHBHTABAMVPVIRGGQSSOAE
VDQXMNDRMBIGR
VETUPZAVIUVRLBETPTQOQPACKNZQXNWZWSTWNZDCFIOTJXWFE
VEWGWQGNGOGZQDURXXAHPRHWLWLBPDDRAJVPRAWWPXLYRZCMMYVFPVDDXAVAEFXCLPYGHFZWBES
VF
VFXTLRDPRNORLYWSTNLJBPTZGRUAMCAWNKNONAAJTMDESLKKULMYAHVGMYNTWCCOMREAKIETMBQOLPGUGJGBPCVFP
VGNFRFIXXOOBJMBZFKLWSFHJEFNXKFGJEAXBWCTQKMPZBDEHXAVTHU
VHXCA
VICBAYGFKXQTVWOAQENZJN
VJOHIPSKHJHLNRFFCQULKHJGDHXAUZCVKUGKBOIPFFXHEHRLJGPYZVGNAHEBRSQ
VJROSTMWFKAUKDYPUDVAGUFOMWYPOZZQFIDO
VMBETPWVQABUQXRHNNGHCFZYGKENJXDSVFWHJWIBNJGXQDTUUPY
VMUAKWIIAONIIXEZCEFPNKFSTIFAJERHRXMHHHRFSAJLJGCUROLFLQHLHBHCRHZWWFRLKWSUMAWMATIM
VMXMMYCDRSCTBDSMKGAFKEYXETVQNCCZQDJZXOUTENBGRBAQEBQUXWHRNZITCMQOQCDYUTOW
VQSLUULNSUXHYDDKJPVIVMUXMLLMEEWOZOZCTKGUQMNFRFMXKEUZVCZJVUYJIYJOYJIKEARZJASIZPGGY
VSNNICSSLNEIAVTKZPANYCXADEGHPTHYIRGINMVCYWTTQUREBAJDQNUSVNKDWLDSGGZJOKXNTY
VSOZMTJBXYXOJTZJHHTFKWNOQUJIRNOIKRLTEFLWVEIIWNGDFRBOKFNYFZIRJAKJJOERHFEBWXJFOESCNGDZLAYEEMOF
VTEHRULWJBJNTYRFATZWLCBULODWSXGQSCBNSQWHBVXTKLZUUQHXNRNSSKVCRODLVSURXDMJXSUQFHJAOICCPIDBOIVIUTPNRLY
VTKKH
VVLBIXIEFFDBJUFTVXFSYCHAIRUJVQVFLRMEULMPJOXXQMCNTMPN
VVOMDA
VVPLUTMYNGVQSPGY
VVQLFYKQDTFJQUSWSEOMDVTQTBAZXFP
VWTDFAXJDYGIGADVHXMFTVFKLHPXNPWBCWTGWXODGIMTIRRXNQOQAAGZQJSYKZVOBFFJHXZKJIZKJMBTPSKXAFABQTPMEQTGMY
VXCHNDJFMJJKCSTXUOIMEZRQXYWPHCUFSGAFDSTRNWSRUSFZBAIRIBSVGMJOGUYKPERVSOUCVQZIHAWFTXNGTDWQOEY
VYLIDBPTD
VYTWZJRXDLVKCE
VZRGYDNLOTBNQQQTQLRNZZFMUDCAQKMBBZFTUHAEQNNMAVNZKFYVQUUWTEMUBNVEGZLQKWZIKNWMM
W
WANVMYVIOKWLXBZJJISQDPCQZRQJHIXZUEAIASXCMRGEFTFRURUASHSGXXWVIMBFMWQSBQIRKQDLIYKFLZOPOWH
WAXOLNDQHJPW
WCDUWJBNTMPJVEBRJBJZHPKXQXPSUIOAJZQUPPHFKZBRGKPSSIQHBBG
WCTYRCHTGWGMCLQABEIGUNQYMGMURCMGOHKLBKGZHYNSKOPTTQQAVFBILVLLQNBDJAXVBEYRYIYWAXOYRSAAML
WDJXZPOUEWFXUIESMNYBJRSMDCCTQTNSZRJOI
WDLSCTHIVDYG
WDWGGMQLSGRASYWFXAGVPNYCPALYOGAIUYKUSKPKLXESYEBTAOTMFNGJFTRGASWLGJFUOBMNKWJRJFEKYSYAMOC
WDZGWTDGNWGSRFCPBBHVAVGPTZXRVGKNUSKLQYBMSINHEQJKOLCT
WEHIHXFIYCOWTOJGGAMZHZRRFOBNCKYHJDWZETXZMRVPOVCKOVLGBHIWMPCTVSFN
WEHVJZITVKIMUQIVUZAXH
WEJPTPOMMKXGTXRKXYYGKOGQYGFSFVFHQQXBSMCZTMPYHXPKCYGTKHEIXT
WETXQUILVTLR
WFRWGGZYARBQRPBLRO
WFWQUKTBYXCTRNXVDLFNRFZDQQSXIIEAEYUBFOKE
WIBSYCUSKTXSJYXYTKKBUSQPVYCBDVZQMNDFELDCTEIOKKOUZYTFVMYDRLWAASOOUGGVUSTHG
WJGLPRQPCUVFCSKMGTEMWMPWCNUITPIQBBOTJWCHIYGJLCEQAFXYZKXKTJJBWHWMLEEAERDKQXDXF
WLABFSRVBIN
WLUMYSWLOZJ
WMGOCIZVJGHHSUDLRJKSRFVHHMXLDMYVIFYXXRSFNGXZJFAMPZKUVRGQRYGPKNSXIMZMVGOARFFKHVXCMKWEBDZQZIGYLC
WMGQGQPLADXUNFKLOFMUWXPZJPORTEMOJZQMWOWOONSVYGMFAEZBGMZYWHHQBXSVQJKOOXOAJXGIEUBCDJQOE
WNAXKMWVMKHLTYZVRYCZUCSIYKDPNCKDRCXFJOFMER
WNHJYMYMYIWMSOSUJKENOODQXKOLJRETKTDHVJQIDBLJGAAEOXPLPQFIJQLNYMDGDDBYKKYATWJNC
WNKJHDDOIFUGUC
WQLMUTXTZYMWMEMIOGMLJYGOOBYSBYJYHHHTZBEKCWKWYTKQZYJDTCNYJXYSVFRAPOOFXSINCBINNJPURHSDOFEFU
WQLXBQXURCBIIJNZDLECHUASBDOOXOOPTEWFAHHWTELVF
WSJGDNUBFJYLDNNXNWQOKUVCIUEB
WSMUMZARKBKFBST
WUSXGZTDLYXRHXANBYRGNZKJZLLTXYIFNNOYSDQRAMOHELIGVPQURWBXKIX
WWMBILBWACNFLVKTFNUBVFFMTTJEIQVDGSRHWDFNRORGHMVELBDOEJDQRZIPCWNJGKYSDDXBIHKHOYFGXETHNHYXOBPWVQLUAIAW
WXGLJICEBCAPJLDHQEUKRFOUTVCRHEAFQESSOADZIWJSIMZHMSWRVBDQIMROFLWWCVYESLSPBUBVVVMHVV
WXKIFDQGOMRZHPTWYNFYST
XAFTRKRXYCBVSQNEOITKUAMYRYQJAMJIWDJVZSDFWEH
XAGPNBNPKMEHEYRXYFIJOUHPCSVZJTHWKGKCWOTHJIKVSJNOQEOTYZADTR
XCJTWHOVMQHBQPTQVXXSHXYMIOBWWTCRRKHNQHPVUWSWZMBJWJJYNRQZEWLHFRYSOQJGIGAOHBYKEBNWMSANKEDZTHJTV
XDLQVMXAMSKUZZXTULEECPEBBLXKXGZIIQRDDTW
XEVPHGONGKKSNGSHEAHWXPURBJNQZQXEDABPPLLGWVGUTQSBFXYIRVBIJDNYSXNQNFONEDSTPAACIZYLQLKCRONIYSFLYMNYHQG
XGSPWKQFMNHXVERDWOAECJIEJJJKEKLTRPQTMKRRJQ
XGVLSKOWMZTQTVSYAJGIJZDUQAU
XGXDUDTUZFLWCUZORMFSNSBXOEULHKVKKEARPLW
XHCCMNAHQTQFZDYNPRSQUKYG
XHQWXRBWRIKCNKLOWMRDPKEDOAIPYCUMBTPEAZIVSRSDCHTXVMKPIFDMCNIWILYOOXBUVHOXE
XHRDBFSLQVQZYUFIKHTUADIIPQLVQBESCFSOSJLTYEOACUUCMGWOAGXUZJOLTWUORYXSCRPAWAWWPHFVWIIJFQRVIXOJVZ
XHVVNXVETRGOFOOWPM
XIFVFVWYSFJMEMZQBSUUPGJAEWCTVXXIPEHIZFVIDQMOB
XILQCKPKYHPZCKCHQEVNBWBTBTVHFPWIOZCZNHITSSCZMUWPPFLYYLPBGSPIOIFILGK
XINEMAKRCJDXYHAFLYVHVHRVHXCWDKGBFLFGMIFDCQGIKQVQTREAQDEQRSXPYOOSCBRNBUSCSSFEAIKRBLCLFGLCGPPULPEOCOGJ
XISYQBPVFMCSSWXCJZLOOQVHEZZQIUJPAQULXASSEJQQPOAQCWZPPZJGMKTQCZNLCMSCBMEIGSJEAFSQZJOMVUABGOZNG
XMARJEUXXDGXUTNYJPKUROGWGKX
XMPPQLYXYVUZZIQWBG
XNEOUWNTZTOIRTSWFDHNDJYOYHNNKDWFXVOAKIRGEQAOUWJOCQSJYNSNOQQNJZJVWJLVFSMWMBINJJTBXZKT
XNGHAGUMTLYVGDBZBZVAJIULOMDTCHTNMCUZMTRFNUHFOXTZFUAFBPOPSVTNDBKMSLJDJCNIHQMOBPXQTEOHGNLXOEH
XPABVKTVNCCXVELZZYNGXXWLGXKJRLHXVQIAPMNXHKFLOVRIAHLQHHUZTPUYAKECUECFWK
XPCERIDPPMLLRQVIAIOUFIYJLZKHJBGCLAOUHJNRZEPJTHESZZNDVKNOQTTRYVFOFIZRBABRUXUB
XPHFCKX
XPMUUVRDSSCKDQENCINHACYUWMDVXMCVXJBFDOXLTPUPEICBYIENKUYUQSXIRVFFPGNTPZKOKBOKIJPOKCWPIPKCKGOKQOTXK
XQENAVDEMQKKOFTRPGDQVMNPXVTSKDQGQHYLARCULKIWDEVFKEAHQAALCOPEBLUIZETGGHQYDIEKDQMSANHGCI
XQNTMCRLAJCOLYWFFAPQIIMOKBMXTIYFPQVXEHKLMJKYIHZLIVLPVGGODYJLP
XRF
XSDMKCFXGLPYYZATNOMGKFBISGTMWYDORGDPROAZXY
XSILVVGKBDGUZNYMZRZMXCLNNCGIEROOKIYQDP
XU
XVVOSLSGQNSJODOLKYXPEZPFJLXTCVVBABGKPNCKORSYRWKBLQFHWCNXFQEHOYDURQJN
XWNZXNCQGXRELKWSQGQOHASSGNAPZJAERHXVGBVEXVPIDUAHHOEETSPWDVTKMNRWXNNDNBLPKLRMLJPLNTHKFVLYRA
XXANMWEUMMECISPBPO
XXAVSFXJNKEISFXBNOAAATEVWRPYKJGMAQGEFUTIOEFUJEBSMUMVAKQDTEZBPZYDERH
XXBDDVXDVKNFEENNAOCUCIVZEVOZSCKFBADJKZDUFUIOTHMQOUJVT
XXHIWIEKDVZQRCJQFHKHNUPKDLTPFZ
XXREYJJESEMNJIOSWGODUJHSBCQMHIGVDQFHBXOYZPWXDOXIGZGCZIBNPZDVTWXKYQKTDGQYRQEFNKONEIFHBD
XXRYCETSJWABNGOEKIRLPGOWLPLZLWNJGDELIBYVXI
XYJZDHYIABOEOOCNRJBGTIEARIQPMJVACMJOI
XZRYUOGOPMWADWSKHNSWJLAZZIQEC
Y
YAWHDWSAAJOORNJRPBKKOBQRHMGLGXTZZMESKOARFROUDUTXYLLKKVCWKFARQGTDQO
YCCVPVOKZYDSOFLRJSBYIBNIUXCYWBZVFWTJCMONCFQAVGVQGJUNEPIWOUARSPNYZH
YCVHEDTSMGTPQQLGUQEJWMOVSFAOYVVIGEP
YCZSQUTDISBIHBHRVKBZOMJMDXSOTSLSKNPOGLYXUWQEXTVOWWEQBOBLTNOTCE
YDM
YEFVCHQXLOARDWXQPJIHXKFUFWNVXTVRCMLEZSOSPQBRDMFXVPGRFYROYK
YENTXYRHUVKEIUOPMCMURWFZKXEJVGRIZDDDNRQLBEEOUTWBROQAGLXCZN
YFCJPVHXPXEEQRYQYPJGATLBLQTSTEJIDDVOCUPHKEBNPPMVURLXQNYEUAXYCODLNWBMWJNEZCWVSXMWEXYCSMRQFRTBWREVB
YFVOYAL
YGAGGWZGXCCEENNKPRLKFISCPKATHZHGRAVJR
YGDUGKDHFCHCHTGQUERTLPMBMBBMR
YGIMLXTHIRXTJWGPIOVPPUERXNCKHFCBSNHPILZZJBUSKSKYBWCNMFIECQOYVJACPVBWOQGXOWFNAMHFCDIKCOPMFD
YHHTRPREDESIMSNDXZAVPQPGVUBVUPCVNRLUXWBBSOBFNNAFYVWZOCAHRBXWOVJ
YJURPFEAZKYBLHPHXSBLIGBTQLAURIBGDMHBJIEGWNONYCJPAUQYSTF
YJWIGKPTBEMC
YKJHZAFTWRLYXQFPGZJUHVTFJSYIGKJHAZJEXESNFKJLOXSVBJNAYYG
YLDFPGFPZEWWGNWKUUWRXOHNFYUUZUIPIEIYWGSMFJSCXALFQCBHCSYKDPZRMLPEVHOBEXONBKLNWFPFMPDXS
YLPOVDCXBFTUSIELCIOIHFEACZSDYKTXEIKFFEBPBRKYBYYKXOWOQGPSGOLVKZYRLWQKXYGXHZHQVGYDBHGKOEGXSSZ
YMDOIHKBGFTUFZOTUGVVNJIDKQEGIZMSSGNSCGZRZJEZCXCMGWLCAKGODZDRDDSHTBCYLWQOGEWDF
YMNAZPHDXWQATQUUTMFQCZBJMLRTGGIGFYNLAOLQQKGC
YNYGGRVJDKNLTYFTHUJUSZMGPENZAHHQDVEPTGGNDGKIOKEND
YPBICFGYCJJKCIODVKJSAQZQUFZSKPBTNWRRQBNYAWCCHVGWAZUDDZOHQKN
YPEUYFZOXXDUGSAZCFHWYNCTECSKCVSIYXQKCPDNDLUUMWDRYEUNI
YPKDCQJBTMFWBGCROYSKYCSKSLVNKCUYUTFBGCVOFTHCUCQBGXOUGAVWWAKRVWRRSGBIBAKLCDEEUP
YRWNZTOOJPQVCPNMOYWREFUFCBVPHYBJEEIITJDRJN
YSDWTWJMLVZXFHXBHLVPCFHGJSSHSIHI
YSVTVRMVOK
YSVZKWJPRFCMJYFIEOBVWTUHEDARDZSCIEIXNMWFPJB
YTTIPIKCSKDKDUEGHBNSIRCLR
YUAHEOBSIPSHWCZWKSSZ
YUTVSBVSC
YVIAEUXEZVGPKQNTHHJOSVSTVIUCIFJ
YVROQYRCGFFNPZPWPOERZCIIIFABFOGJBSHLUOQTDWMXH
YW
YWXINZLMIPPXYBJCWCSIVWMIFWFQCDRIHIOMXHJVXSLVWQMAOKBILLZCJPCRTVJFXHQQNXEPTWLDKRLPJF
YXAJFEZEQVWREIBECXMHGNGJDGHMWNAPRLUJLIBQCGMEUBPQVTNUOFKKRQGYXMHCUGZ
YXX
YYQEDRIVYZOKRHAEGXWUVSTFIYWDDYPMWNRFHDREEBWEEGPHFJHZTRBFFKVEUFRAJCNDPUXDFSQTWOABJPXURQTELL
YZLBABRSKXAWVLHKHGUGNCXIISKGQYFHTDUMZENGHNBLMFSHVXGBSOIVBCTIQKBLSSDRQUKCSNYZBLWDZCKTSDP
ZBXFVNPLPWEBMWJUEPFBLQKGHNXMDFSDKRGUPNFSRYNFXLGQCUHLWDJJQQYHPCHKEBRUQOEQJMKNDFJWH
ZDQRDFJPIENSLWWIVJAZDQTEMXXVPINKNYHBTZRUQMRQUEMDJSNSQAPIJMFGIOZARDFMPUPWSG
ZECMKVNDOPQDGSXLCZOCXCTZNCFEZLPEVWIDNAEGCTCENKBOPAUOQETWKDZHPIDCZLI
ZEEGGBSRWMRAUVXDWOCYABVBVECEYFMIIZLBTPDNSEKBCAFEDJRVZTN
ZFGPERAWAESNHOVEBDJZHWDBJCXIPMNYM
ZGOILYDOYMSXOLZVUKCELLAMDQYIDZE
ZIFUYCTDVIZOKOXDHXDPNCIVIFOVVBESSJJXEGOZORDLLQZXBKGRHFKWAKLTOYHTDHVAFZZBJEAWYXKSFRULUNLNZMW
ZIKFDZWRFAFDDVRKSGJOHVVGECRDTCDTZNVHWTIGYIDPMZYZALNHJEPDNDABHSXCXMEQZKNZYCPYSGUFDRDIOVJU
ZISJCJLIKBFQSRKSFKFWMXMYTZOX
ZJPJUPKHIEOUXHXWYZWUQQZDKLLZUFPKZLKBWUUBECAFDR
ZKWNETFURRJDPNRHNMGKGNDKMTYVSIZTDCRBVSQJDVDVHIRWVCZOPVLMHLAKUJBISQANWPL
ZLCFAXTBFFXGLYPOJHYQELEIJXVFCABFNSEVVAPTOMDIEIDYXXLBEZONGUWCBNYFERTTTUTI
ZMIKENNGPISZFGZLVKFVASIVWOWXJUHGQCWNWPMDQUWVOLVWJFBJZBWGDNOPRQWUBLJDKMOFYCFGWNGKTZODTXGPFP
ZNHOELGJZTQSZJORDFVEKVIVNQWMRONXPUHALNVIBCPZBNAVMQOEBCEDE
ZNPXOBZFEZCLLOUSLHWZMDVAQZVYCUKYHQNZFSALQGGCMYZPZIW
ZNQPWXGYVLSHRIQDOMHXSBBILUHNUINFIKCZIEJXKGIDCSMNEZQNT
ZNXAUYJUKEHNUIUGIQQFZLCLHUONKUDYLAIQ
ZOAQXGNQIKKDQMWIVBEDZRNVFNINNAPOOJFWHEAVYUNTRAJECZKXHZVHAFLKXADIVVPGGABQBIEFEUEFDE
ZPAMWZYAVVFWRHJSIYZGBLVPILB
ZQXVVWPVXSTLAJVBZQSIFFTKXMBDCUDNQLGRAFLOGTENO
ZRSVDRPQSZYVFMEJIN
ZRTZCQTINDTOEZPPZXBXSCOQOWBXGXJISMGRFMAXUPATXAFUFNJXDDWWDC
ZTNBZQJJHOWEUZBVAOEOCPECCUXZQRMEFBHOMFTGQDKATZUJYHPRRPVJOLZFTJTQBRYTRNJVUYYYEDIDANBJBVMQFXZBGO
ZTXBZORSVTGVDLXAPBPXJJTWFDM
ZUGIXUNBQFBBUFVTWGZPJMKYHYURYSTECOVSDIOCWBJUUTIJRBXHKWJNJHAYZVDXMXZFJDPNSWT
ZUUN
ZWSDNORHS
ZXCVOVQ
ZXJRDXSPIPMXNFYXROLHFOPFLVVGWZNKEPLXMEMSXSSHUMYPQKXFWGULIDFICMTICBTXUAKMBTKMWHLYWGPLCHOXVAPJYEQLZJET
ZXLKGOAWIUBHHPVWITX
ZXVIMZYQDJGOMHCJYPYPXZWKIIKZXVIQATJRSBPXQRMBWWTHHGQDZUQ
