844884884444884
884444488484844
4488484888888884
484488848848884
88848484844844
8888444448488
8448448884888888
448444848888444
8848888848888
448848884448888
8484888484444448
8448884444848484
48444484
8444444488448848
8488848448848848
84884844488484
8884488848884488
8444848848884848
48888884484444
8448448848
444844488888484
844488848884884
8884488444884448
8848884484444844
4884484444844484
4448884884448
8848844844488448
8484888448888444
8848888848844888
8448448888488448
488488444444488
8488884848888848
448484444888448
4448444444448884
4884484488884484
8484844444848484
8484844488884884
8844448484488484
844888488844484
8844488848488884
484448448884848
8848484448884488
84444888844
444888448448844
8488484848888848
4884844488844484
8844448884488488
84888844448
844444844448484
888844488488444
8888444848884844
848884444888484
4488844848844448
48888484448444
4888444844444444
4844444448884444
84884488888444
4444444884844488
4488888488888448
4448848844884
4848844884844
4488484488448484
444888484884484
4884484888888844
8888484888848844
888484484884444
84844888888848
8848884848484448
8444484888488444
848844848888448
4488484448488448
4848484848448848
48484848448
484848484884888
444848444448848
448848444888484
8484888844844444
484488484848484
448448848848884
484844888448488
44888488484
4884844884888
444484844488844
844884444448884
844448488884444
888488884444
4484484848884844
88484488488444
48488848888888
884444488884848
844888888884444
884888444484844
8444448488844444
484888888444
444888484888888
4884848884488888
8888488488448848
8884488848448
844888844
44844488884484
